6 281 231 87 79 271 235
5 161 234 128 43 165
7 228 15 131 174 249 204 64
8 296 63 219 50 47 274 118 65
4 209 104 213 72
5 206 205 162 168 1
7 256 18 84 187 285 12 157
3 193 255 269
6 290 143 54 17 159 160
3 93 100 38
7 13 253 150 92 53 116 251
7 95 126 51 207 28 217 49
2 278 260
3 35 164 6
2 149 176
4 224 111 90 134
3 266 241 153
5 123 198 259 199 264
3 127 16 124
5 61 240 223 286 86
5 113 29 254 183 22
5 201 279 20 268 147
6 14 246 144 46 282 110
2 3 120
7 30 70 284 212 145 178 297
5 250 180 184 202 190
7 170 8 85 137 77 114 194
7 132 191 119 237 76 57 211
4 196 155 69 48
4 252 263 117 270
4 177 34 56 36
5 192 130 31 203 99
3 45 299 94
2 175 158
4 59 89 244 258
3 7 103 169
2 136 106
2 215 71
5 0 225 267 32 74
4 75 287 19 221
3 140 2 239
2 248 142
3 58 112 292
3 27 216 298
4 105 289 11 41
3 82 208 81
4 273 229 37 23
2 24 4
3 186 52 181
3 121 261 195
2 108 125
3 139 80 262
4 152 247 245 280
3 182 73 42
3 214 197 220
3 233 33 200
2 109 236
3 283 295 135
2 44 9
2 173 25
3 107 96 40
2 67 243
3 146 291 188
2 115 97
2 242 293
2 294 257
2 60 276
2 163 151
2 238 275
2 227 166
2 68 179
2 148 232
2 78 10
2 171 185
2 21 141
2 101 88
2 189 226
2 62 138
2 66 102
2 55 83
1 230
1 98
1 172
1 218
1 167
1 265
1 272
1 122
1 156
1 91
1 133
1 26
1 5
1 154
1 210
1 222
1 39
1 129
1 277
1 288
