25 8703 9469 1843 4481 1902 6247 9234 8631 9992 402 4856 4899 9225 537 7153 4395 5195 1621 2091 3634 5795 62 9794 5578 4241
24 375 5540 4973 6446 617 9604 5951 8266 9837 8111 9362 9651 7969 3361 8632 717 4577 8716 8100 7083 3797 4905 1652 8054
31 6198 3354 2783 6392 2696 7041 6784 2045 7604 4714 1051 387 2607 9994 2390 7046 2189 6539 600 9060 628 4827 8466 5918 9905 9036 1374 844 2998 4040 1653
15 5860 3160 5983 2741 4777 1555 9788 5755 4488 3600 4860 4968 9909 2677 8113
31 9888 9768 3475 3398 9410 1746 9284 1455 2043 1679 6140 9330 4747 6298 2039 6014 6055 1167 2752 1049 1648 7029 8611 747 9922 9336 7991 3238 4490 9776 5018
28 519 3311 2230 854 2442 169 7276 3418 3901 3731 9303 4685 1819 6888 304 3893 6552 3010 1502 3805 8135 2380 6499 6435 4510 9307 8722 2049
25 6663 9409 2006 7255 4396 5601 1349 2044 6582 2958 8494 4266 4073 3065 9403 9224 5349 9423 8330 4418 1301 8429 2449 6613 1305
20 1135 4704 9785 1814 2153 473 9863 2190 4529 3483 8885 7887 8202 7421 1675 7826 8891 4308 1699 3586
23 7913 6068 7988 5782 8830 395 3115 1501 1999 7646 2545 4360 4501 2763 2701 9310 3226 7170 2080 955 4149 2814 1705
24 7957 6541 2074 8219 3732 1346 2706 5844 2875 2048 1348 9230 7004 3 6833 3856 7531 5968 4401 6032 7413 8138 5865 4622
24 3444 8892 977 9681 4485 7811 826 2122 6179 3271 4772 4562 453 9824 1919 5912 269 4444 5469 6631 4813 6576 5790 6277
15 3654 7253 3772 174 6714 9211 9501 1347 6892 4303 436 3390 9396 2509 5048
29 2061 1530 5711 6523 1886 4400 9963 7301 377 8815 4086 946 1905 8993 9269 9363 7958 2619 8734 1258 885 1694 8456 7744 1586 4904 8087 6621 9913
15 4855 1421 4666 5830 4027 6462 723 3827 4896 1060 1064 5855 1318 2920 5894
20 6115 9869 9735 881 1256 5847 2184 6905 9436 9247 6043 4632 385 7549 748 6753 7424 7527 5192 6183
26 8758 6877 5622 4858 8500 3851 8743 3127 5042 4590 9658 2955 2279 3521 6124 8241 4118 9893 7053 1490 3460 9775 6968 3535 2441 5440
21 273 7347 5732 1391 5608 6181 4608 3487 9929 6117 3136 6215 6759 1162 1241 1577 7204 1129 3923 2926 9380
20 7040 873 3991 524 4689 8444 6642 4060 2139 6262 6778 7741 2405 1816 7128 4949 9711 1472 3994 4078
28 6916 1689 2132 4141 8236 6062 7729 2108 8664 4074 3561 3474 2504 7009 2268 6874 8532 1057 3917 8528 4650 7970 1526 2929 882 68 9910 4891
27 55 2605 3047 8167 7387 2753 382 1943 1934 6806 2137 7650 9142 4280 8689 6225 9235 4952 2575 7157 9426 2353 8384 6118 6853 8057 3619
26 1776 9325 5295 4153 9477 942 3513 8378 8827 4853 1960 4340 1921 4997 8127 5479 1974 5522 2974 6075 3852 5272 9676 9690 2669 5953
23 1833 4761 4782 2799 3818 7342 2377 3986 6238 4539 1094 9506 1839 7652 3096 6095 9332 4275 4484 5239 2821 2463 4750
23 5086 1874 5282 6850 2769 1320 8590 9955 2159 4454 7354 1485 6072 548 5403 8712 7495 1028 7416 2193 4203 5334 1802
29 541 4848 1977 1910 5799 4099 425 2906 2907 7754 2909 2729 9351 2478 8270 2793 3774 3516 4240 7241 407 3100 6477 7905 1641 1497 2847 5854 3021
28 4637 9255 1267 4405 7284 3102 4128 6692 958 260 7328 6174 7725 4573 2542 6646 4783 3479 2637 3254 8145 4383 5551 5413 5798 1003 3346 8499
27 8962 442 4404 9511 8609 8642 9481 1779 2156 7488 3570 6857 2151 4009 6940 7260 1493 3331 3788 1265 7961 5987 9107 2723 4422 9359 8171
32 5885 409 6563 4139 2434 5008 4699 1799 865 7920 7594 6138 6730 26 8591 3233 7265 5675 8732 1828 5468 4975 5762 919 5927 7833 705 7803 491 637 7996 7713
26 9679 1323 3362 8747 193 163 4787 5527 5092 6983 836 7353 3503 2500 6588 743 1730 5223 5842 6817 5429 1599 2300 6364 2163 5497
25 7929 400 9385 9613 5267 1745 2275 2412 7931 3489 3567 8954 4517 6224 2162 4448 1126 7390 1112 7427 314 9608 5474 8941 7902
24 3855 6752 7373 4658 8615 3169 81 5070 8401 5909 1800 5180 5810 8143 7385 6754 344 4849 7517 9236 1546 3185 9472 9514
20 3578 9965 3086 8051 2994 4259 8729 2285 6511 5084 3937 2692 2446 2339 6445 5362 8091 2773 2203 7429
20 9449 8715 8485 6426 7770 281 2241 3992 1842 9941 3763 2567 7061 9439 2098 2521 8888 1087 5125 2720
20 24 277 4502 3632 9071 657 6279 7812 4301 7222 7025 5178 2165 3533 9781 8168 7896 4277 557 7013
24 3371 842 5541 2399 1102 5036 3364 6657 137 6865 6223 2042 9758 4232 6486 6565 3682 6382 9959 3794 6878 835 9545 3861
23 117 8209 6206 3512 4940 6570 8998 9238 5708 8097 2758 2097 9174 312 6768 1144 5972 6358 2671 5964 9095 8374 144
31 4618 2538 3461 839 3119 6026 3530 4497 1539 5301 8926 5804 1394 889 3072 4982 9295 8201 4765 7893 5110 3769 2811 9066 7688 5096 6368 4901 9123 7146 1515
29 372 2915 5307 7172 4713 1738 2260 516 7857 4642 9800 7560 4591 8539 1566 9233 185 7942 4612 4306 9094 2392 8949 6941 3417 2224 3400 3069 5354
25 4307 5060 9633 7554 2686 7692 9842 2394 1211 8542 2693 9208 3547 5083 6116 1629 9877 2462 6906 3006 179 838 4216 820 5672
28 7401 8586 4815 6550 2235 5375 8523 2187 7503 6416 8662 2874 7791 8545 2486 5309 7449 1432 110 1108 4814 5960 5521 1118 5055 1290 263 5665
28 6695 9985 3329 9190 5674 7636 4872 7187 2648 6134 8988 3606 589 4950 1976 1165 5255 1451 207 5549 6792 3040 5095 8130 5485 6052 4716 2356
19 9523 9845 7444 5428 7809 5801 556 884 2860 8041 2258 8208 289 3671 8371 1141 7001 7375 6796
30 2869 4635 8157 6186 2916 5228 9276 2126 7941 6331 3691 9324 7231 3672 134 4351 5167 9886 7974 1618 1996 9204 5638 5229 981 7359 7052 3224 5900 6111
33 4150 4935 6128 6739 1215 4034 2314 4227 3790 130 7998 8551 6290 6375 1499 5785 6855 8314 9945 2155 1950 5509 270 1063 7450 4753 2985 3819 329 8674 5415 1954 7070
26 1005 8713 5955 6316 6647 7785 674 8984 485 9370 3874 2645 5559 6447 78 3101 6204 3484 1750 5490 2336 5111 9530 9936 8718 204
32 961 4200 2539 3200 4957 9457 2776 91 9962 9151 799 5700 9694 6519 4533 6908 8264 4993 3511 870 5645 162 9455 4465 8180 6285 4728 4540 3405 2221 9915 8773
19 920 499 3603 2702 5064 2366 4651 8067 6459 4469 6586 5338 7127 5162 9773 6717 7496 3975 7058
26 1978 3403 4558 3783 3468 2128 1458 9031 1069 9474 8624 4646 7486 2487 6500 9178 8441 9703 3128 7008 7673 2185 9635 406 2208 8355
30 4894 1100 7446 7870 9100 7113 3829 5481 9838 7763 9444 6171 8524 1743 6131 8234 7272 954 6937 4527 6259 7850 8454 6614 8152 3780 9311 4338 3189 7005
19 9550 5990 6374 40 8239 8638 6389 2319 3137 515 4420 6169 3889 5144 9373 5822 3914 3638 7093
22 222 1973 150 6476 7562 2174 8033 4224 1264 9479 4219 1668 3399 7871 180 5800 9887 5806 937 2610 321 5173
27 4058 5769 8277 2973 7174 908 5088 8510 1417 1748 5284 1519 1116 6543 5106 7932 4370 2514 9791 4480 861 2472 1739 913 3836 8463 5225
28 9675 2357 5771 9562 1046 9678 4636 7216 6925 7822 280 7383 3292 6823 2789 8170 2334 6303 6568 4142 1571 4670 5580 7950 3014 635 2410 3289
18 9799 3951 4467 3786 6121 7453 1104 7106 2834 9416 3881 3506 2029 6887 9693 3134 465 5657
24 1664 6168 1313 3566 6729 6066 8996 7103 9328 319 9784 6495 9571 1145 6776 8526 4870 9119 8422 5322 5202 1898 398 187
31 297 9282 4080 1500 7211 2771 2652 9964 9101 5123 8603 5386 5306 1756 1772 9643 2186 1666 9422 9591 4917 829 1440 1520 3720 7437 1482 6521 5232 8594 9169
26 583 5025 3972 832 8306 4971 8961 731 8672 2560 7107 9621 124 9315 4436 4402 8635 8685 452 7869 901 2321 2880 4790 3032 4435
31 8840 5920 4291 8876 4371 2386 1620 3621 1016 7794 2621 928 405 5625 7250 4619 7280 1056 1434 3497 2427 9599 6616 8696 5311 2253 3741 5057 9281 6194 6689
30 4143 6155 7249 3666 2323 8112 6280 5701 8981 5250 1924 9368 5379 8601 1818 809 8200 2214 4771 9587 6144 1742 8124 9600 966 2993 8089 7057 6917 5398
31 4346 2147 9485 2181 8973 8652 4879 9844 5959 7296 6605 5005 5139 5243 3330 50 9865 8280 4513 1405 6395 5703 7225 8269 1594 7509 7717 5077 9277 7335 6439
21 2316 2384 2250 1695 3436 8197 1026 1171 6990 8668 7747 1821 2953 36 4967 5131 8183 5753 3863 5547 136
24 2559 4648 5516 3453 6399 8493 4528 6319 771 4560 7012 9598 5270 917 2232 4342 8206 5740 4181 7395 9747 5637 7731 3580
13 7952 1090 2896 330 3760 3531 6609 863 7206 2767 8232 8119 1378
27 1888 2511 9586 5352 5660 3098 1864 6163 9729 6838 1774 9541 5734 6858 9470 2068 803 3387 941 3809 9756 4680 8364 4134 770 2238 1418
31 1040 2748 615 5240 1222 5642 7096 5838 930 2192 3496 10 3070 6397 4647 8628 3395 1769 577 8318 2387 620 8794 9145 9808 3898 8090 669 9317 1210 3869
22 7119 6669 9345 3051 5724 8804 1168 6962 1067 3761 1889 8317 1623 5742 2704 9260 6421 3942 4976 794 1646 8310
26 734 9412 2212 9065 4821 1771 3356 2506 5052 2433 4322 824 4478 604 8592 7919 6408 8012 5634 2262 2830 1202 3529 3012 9227 2917
30 4214 3572 4349 6856 6886 1324 2160 2290 9812 599 4832 1897 2535 5122 8750 8115 4876 963 5530 264 4182 5774 38 1849 3140 3369 4267 3719 7766 9003
30 3149 1030 4003 2140 7665 7642 1101 4773 7392 8186 3221 2452 7781 5484 5575 3379 9801 8704 2895 5492 6624 7473 8276 1848 258 762 587 2840 5787 9417
26 8204 4717 2167 1008 4892 8550 953 7755 4279 4692 6862 9185 9489 7584 9323 5772 3034 2647 1878 9217 2251 8195 9486 7565 840 2627
28 157 3865 6202 210 7494 9209 5457 9132 1433 1820 8126 9378 7879 8833 4459 9933 8753 7591 5103 5277 858 6310 8568 73 5044 4759 5312 1226
21 6321 3022 9319 8027 9843 6820 8649 7352 3982 6289 8875 3401 9034 6328 7470 87 3695 8608 8994 6559 203
32 5598 8462 290 6825 1587 1436 3623 8956 2921 4293 8799 6235 9534 1307 6325 9112 5747 9664 7622 291 1333 3933 6100 7213 228 4994 3287 2764 6148 1191 5821 5624
32 3988 2123 4867 1873 7759 6270 1511 6081 4147 4921 6104 1255 774 4992 6522 414 7875 441 6362 5585 3668 8558 603 1483 9343 1881 9048 371 4286 5923 5029 2488
23 8406 1002 4225 1985 462 2898 1096 9754 5523 1337 2325 1964 3747 1789 7930 625 6688 7593 1128 251 4295 1230 181
22 9283 7319 8088 8667 8725 9480 8250 7960 8221 2733 4514 3365 7336 1691 4956 6065 5685 8216 9782 6210 1335 5246
29 7862 5856 5238 9424 3469 4282 2281 7627 3213 5908 9183 2084 2682 1446 1373 6079 8002 6531 6497 6369 5142 5560 2827 197 6782 9876 3093 4987 5949
27 6961 5654 4830 8682 6346 159 1246 8851 357 6774 77 9686 8845 9245 9991 9096 1703 7199 8066 6468 2925 2594 5065 6715 2329 6492 8377
31 4842 8629 8410 6293 9832 1062 2292 509 9882 5329 6363 1236 6442 4970 8258 6734 5607 5456 632 7550 3956 9399 7625 6084 1877 8144 6770 8487 7391 2019 1138
21 3103 4352 3490 2362 7143 1376 4407 8927 5430 2699 4581 8733 8759 2822 1812 4315 4785 5652 8008 5063 3950
26 3457 3381 9757 1790 929 2863 5786 4368 7944 322 1463 1187 8286 2868 3164 1616 8287 6516 8011 555 5252 6534 2679 3229 675 5834
22 9216 271 5090 7085 8796 3993 1422 3952 2407 7609 2040 4002 5072 7718 6129 534 6154 4238 8730 8372 9374 5146
31 622 5113 951 1797 4854 9742 1700 7234 5709 9667 2373 5658 7440 6423 6122 4265 9732 25 3888 3713 1249 7780 3357 4037 4010 9013 5623 4220 778 3857 9619
23 5406 4196 9805 5777 596 4101 2209 6544 9300 1567 370 1941 1763 3344 3900 7634 5185 7836 8923 4779 811 7223 8114
22 3693 5698 3740 8955 9177 2053 3963 4076 9488 2010 478 9076 571 5940 5797 7694 9984 60 8313 3848 5408 4846
28 445 3976 135 1491 233 531 6103 9987 3121 4942 7570 2364 7321 5722 487 6628 3582 2918 3132 2092 8781 7059 1495 5926 2598 535 3749 8222
21 2986 4437 9691 482 9483 1684 2938 3163 1041 3406 1932 875 9870 198 3342 5496 9903 3153 1284 3620 6221
26 29 4706 7666 3375 8192 633 2844 4825 9780 859 8294 1164 7447 1615 9253 1574 6028 9898 7740 2976 4697 6998 7215 1722 2135 8731
23 3471 200 3875 7662 5656 4384 8506 979 8857 8871 6591 3494 7598 5483 4835 6894 7050 8255 5924 3252 469 7069 2134
23 8179 5748 3602 895 3729 2075 8268 2129 3262 6509 7995 7578 3764 4192 9125 8256 2812 1213 2905 690 4332 6127 8708
26 3555 7499 1593 9543 7337 9180 9981 6336 7633 249 1922 2931 5681 3074 8922 7997 5286 721 3716 4934 6933 9771 9971 4723 6994 464
25 1866 6360 6425 6034 6009 5866 2270 3974 7078 6548 3967 1741 1471 7351 7497 1727 8081 4176 5863 2158 8305 7332 8000 1805 8175
22 580 4630 2518 4029 7019 6896 4006 4328 1914 4805 4067 2644 2913 6090 9528 3388 6070 383 3791 8980 9117 3442
23 3281 5487 2626 7465 119 5303 2551 3759 9249 7532 4518 3968 5320 7543 4736 3302 7338 4791 3627 4242 7751 5179 1900
29 6456 8198 718 1777 2654 1152 6359 4834 6041 463 9968 1747 2205 6366 3053 276 1920 5639 8439 1370 9924 9041 8005 7348 2877 4364 926 8211 6170
22 2020 7314 4705 3220 3663 1232 7278 4617 5967 6218 6921 9287 8852 6232 7981 9058 6302 3041 1473 5436 9990 4124
31 7640 5006 168 9769 5620 607 1331 8245 2809 959 4012 543 1075 238 2990 8107 5220 8362 420 787 2303 4961 9099 6781 9772 6606 1077 6057 5825 6405 4047
23 2576 2079 7546 9925 2041 3673 9221 6201 1980 8571 3212 2871 8896 7890 8944 2050 5028 4287 1231 7073 8083 3724 5244
16 2912 9459 3435 7672 581 8821 9740 5200 2379 5450 2823 7214 5596 579 6795 8683
20 1353 6053 7196 6438 7643 9655 7197 819 6769 8428 4941 9529 5788 7300 9007 3298 7702 5714 6507 4758
24 8184 3068 5526 1589 6562 2402 6726 9163 1322 9629 3926 309 6299 2466 2028 6632 1205 9491 7308 1334 2145 1633 3107 9916
23 4788 1995 5158 6638 4605 369 4247 350 6839 7091 5958 2231 7853 6928 7786 4831 8469 7378 2483 9415 2131 4417 5944
25 6228 4583 8784 8348 4024 2320 4944 2397 8481 4329 5172 5966 7258 8443 6295 3303 373 4763 7074 8893 5846 6051 4962 4013 3055
24 4495 5517 3083 9450 5628 5557 7555 2885 7614 7407 7065 2710 7510 1072 855 250 9327 9565 340 7200 7596 8756 1344 2658
23 1269 8224 6652 5695 876 8869 4236 4559 5630 6779 2837 4906 4190 5478 1238 9126 5974 6701 9956 8397 1137 3402 8132
34 5424 5235 4885 6307 9631 6029 4602 1667 9897 1453 9900 4249 7221 9298 4669 338 1042 3178 7099 7706 4740 503 2616 3810 9715 3464 1507 6193 2046 9493 8717 5443 8552 1708
22 5341 6110 7927 5285 3445 2000 5982 9015 8015 8828 521 5333 2872 9098 466 9719 9759 899 4996 6246 3690 1139
22 1735 1363 7874 1634 6480 7746 8782 7569 9611 202 6452 7750 8563 7126 7756 9606 7079 8352 7880 898 9736 1315
27 957 9974 9830 1503 5917 5751 1169 872 2164 3201 8656 9862 8676 7175 7240 7060 2889 5707 9857 236 5555 2888 927 1288 4393 5293 1273
18 4586 6265 35 3038 660 1143 9195 8646 6527 9414 2503 9309 4519 5460 360 3858 20 1178
22 3025 8370 7226 753 5422 9858 4756 9377 3174 8006 7945 5945 7992 8032 4284 1549 6594 1514 7649 759 3528 8577
28 5304 3334 5621 4764 9546 4256 5014 1257 1271 9141 3216 2154 4212 1286 619 6478 5336 8805 4023 7514 2005 440 4735 9196 1966 7537 7182 8333
32 7141 6851 5017 6710 1913 6313 1942 6904 5211 8760 8007 1420 7220 8917 5249 3078 5093 7377 6175 2832 496 1936 2891 1039 2070 3415 6007 5533 8226 8898 7161 9084
29 3564 245 8285 2999 8353 2802 4089 584 4397 3509 9361 2945 4092 8299 361 6620 3244 334 1361 5118 8754 362 1380 911 7600 6322 3712 9673 4186
27 1528 5500 6245 5351 9537 300 8101 4491 9160 6378 4718 7062 8415 2299 1945 6827 6400 8065 393 7067 8702 4616 7540 31 6158 9717 4592
27 6952 6756 7557 6526 9134 3290 4798 8257 1912 716 8148 4221 6463 924 2582 3916 6230 3217 1754 33 8942 4230 6035 6461 2280 9918 3880
26 8342 2422 3921 7152 2217 5576 6460 8798 3466 862 8516 9671 6226 8049 5849 2242 760 8172 5546 5085 3803 9660 6914 9215 3480 2571
24 3030 7346 1655 4924 987 3075 3077 9139 6939 4136 8549 9828 6086 6667 6145 4148 8633 2968 9692 9184 1043 6514 805 3080
23 5161 4794 5816 4205 6251 9346 5219 8166 1357 3939 8495 9471 5980 591 5115 9713 1021 9567 3762 5661 327 3812 5283
22 5716 5743 9602 5712 4115 66 9159 1494 8303 9222 1314 2099 4252 3019 5418 4797 7947 2307 1120 2940 4069 2897
18 5649 8978 7037 7940 9420 2125 680 4290 5233 155 4521 7362 3219 4132 4434 4516 89 8131
29 3743 5746 4720 9254 507 3054 4966 8263 8617 9089 1166 6571 3635 9988 8061 5984 3336 7201 3587 7670 8604 3063 8479 7349 296 1278 8641 7460 3629
24 3692 7631 5212 6703 4880 9731 2388 5033 2766 9226 4394 133 4523 4543 8863 9400 9597 8651 4389 2676 923 5616 2839 7252
18 6039 9316 4638 3225 2622 3389 815 1214 4889 5275 7841 5531 5141 2583 4476 1207 2664 5871
25 2008 8739 8464 7382 1352 7762 508 7817 8883 6880 1029 7100 9967 1340 4850 9946 1449 6510 6432 2416 2202 848 2709 6060 8663
28 5245 7372 2180 9273 156 6593 6757 8746 6064 9983 3293 2580 2861 8841 5851 7371 9605 3431 2932 5528 1608 9999 8834 8861 8726 7131 3562 3696
26 6424 9274 9628 1963 1106 4643 7684 8695 2438 2218 4168 2749 5877 5589 8436 6227 5736 3363 3240 6895 8507 1403 2606 2138 4865 4525
26 8559 7117 8991 8034 2831 6630 1859 9073 8620 9001 4038 5640 7707 3973 6707 363 7728 5022 6690 6010 6976 8240 9997 18 7881 3204
27 61 9306 3263 846 8042 4017 5409 7456 2558 5076 3782 3454 1590 7506 4947 609 5633 4492 6050 6472 4922 182 2836 7436 5280 5697 5776
27 7229 2657 3966 7579 3338 3669 3465 5074 1981 7205 4851 4489 1342 634 9510 1554 621 1766 2195 5726 5207 4231 3327 2786 1456 4158 8619
20 8102 7210 3557 4613 7386 1441 7118 4327 7316 8312 2557 2882 9593 9716 5733 8476 2528 9390 5254 6063
30 1879 1986 9464 9497 6380 9975 9652 4117 6379 3997 2104 3610 3699 5420 9239 7551 5614 27 6162 9855 681 5414 3183 1085 8223 9296 4197 4568 3279 4052
27 8728 7585 3073 3565 6101 8951 8228 7513 3675 4895 3157 7414 7525 1396 17 6083 9331 3283 8583 6030 1457 2553 2533 2727 6954 1018 5020
22 5381 3849 1994 9314 6969 4541 8272 1475 8407 3314 5256 2383 9407 9366 1275 8992 2903 4210 3491 2200 8331 5335
21 8578 8786 5009 2346 5372 1291 9435 9181 4191 7396 1270 7491 6592 2529 4668 4563 5439 8606 1923 837 6335
25 268 9685 8816 1381 8030 2804 7651 434 5986 7018 9091 9175 3912 1298 4900 6691 9519 6890 8267 6349 1809 9499 2922 6350 6403
29 3008 9286 5779 671 2673 444 2867 1896 7267 6699 5411 6281 495 3613 2991 3337 5165 9367 2071 3166 9953 6209 3792 443 3543 170 1097 3607 4180
26 7877 6304 4980 9696 6749 4953 645 348 9062 23 7926 4919 2892 3437 8776 7155 6668 5153 4609 1172 2450 8369 7618 5977 6819 351
26 7799 2523 4482 5662 5050 9948 8413 2467 6885 7866 2228 894 126 4032 3738 4571 1596 1657 5947 7607 3456 6889 810 2007 9097 7475
29 8520 4455 1830 3554 8128 6274 6805 2115 5221 5101 21 1876 5981 2142 8669 6923 1477 4732 5203 3806 8356 1542 4391 480 648 2259 2656 5046 976
24 8271 2718 9037 2614 6982 9278 9682 1262 5805 5590 2367 8757 588 5745 5328 3143 2815 562 8724 9793 5150 2073 795 4120
15 585 7704 3050 2663 1686 5553 7924 3266 72 2936 9914 8322 4483 7586 2188
23 7911 4084 9105 8445 7162 1182 2453 5824 6566 2835 1592 7904 1918 2430 6766 8964 5831 5812 7228 1972 6257 4319 5889
24 741 902 9636 2825 225 3315 4213 8820 550 3498 5140 1037 7094 6372 6687 4015 5938 8409 1582 265 0 2456 3064 6252
22 6607 3129 266 2952 907 6893 3839 8953 8229 3862 2229 8661 8540 5715 733 2396 7581 6958 9383 962 48 6822
27 6649 6558 8040 4050 2333 2981 7239 2072 6391 2513 6581 7288 7807 1953 5577 6264 2584 7056 5505 2001 1927 2136 6702 1585 9749 9259 7601
21 6160 1489 318 7668 5287 8938 3735 1431 7610 2501 239 7195 7177 1671 6490 9188 7295 9907 9995 4793 6185
30 4882 874 6255 5892 4615 6222 8151 8645 76 5040 754 283 8199 9079 8438 8478 6337 9522 6841 6553 3941 1928 2853 746 4570 2423 4522 737 713 4172
25 2941 7320 2198 3614 7190 3505 8125 8963 3714 6873 3796 7708 801 4739 7504 43 8930 2127 2803 5884 5281 9494 9940 9354 7606
31 4687 4959 5535 4826 9524 761 7364 7171 74 6999 7415 6898 2829 4330 695 4964 4845 4218 8569 139 96 6988 3485 3831 8514 4179 8501 3265 8156 1573 4803
27 2774 3396 267 1245 6871 4119 7445 6677 9849 6722 3428 4898 7454 214 8336 8623 2496 4341 7033 4215 4005 2114 349 5434 5876 3313 5075
12 4829 2426 3609 1259 7145 1061 5417 5827 7433 8939 2276 6815
24 113 6003 3191 2464 2781 6989 9928 9822 4939 2141 8705 9542 6583 7124 904 3109 2002 7827 2349 9340 58 8 8865 2818
23 8395 3307 9052 4624 640 5291 2585 3685 189 7613 8109 7966 1611 9509 1243 2201 9197 1481 6207 6273 4531 9829 1343
18 9207 1192 6903 6036 3039 7842 5171 8009 5969 558 6354 3192 6489 7739 8411 6384 1088 6260
29 3239 2106 6410 6220 9118 3190 3205 2675 7176 6056 8193 2841 6622 1781 887 2721 8471 4762 3598 1678 9059 6284 9745 5127 4324 4649 1306 6453 7965
18 9411 2293 5205 8915 4703 8940 4887 7120 6755 8252 5401 3412 5573 1234 5294 994 1757 8890
23 4644 7804 5160 3359 4915 8920 3777 4122 1409 8522 1196 2146 7358 5609 1445 5447 1059 488 3035 7906 1909 6748 3882
27 2944 1970 9617 3062 6832 8610 7080 6848 3501 639 916 693 4963 8738 8016 4053 7925 5392 1895 2083 971 7955 3106 598 6470 566 2508
25 1794 284 7193 6196 9466 578 8018 2264 890 947 8547 5694 8153 997 5326 116 9017 1687 9108 5053 5784 4313 3932 7376 3969
32 6724 9305 8477 9852 5466 4920 7787 8155 6537 9232 8687 1220 1188 3450 3645 9879 8958 9978 305 6758 1610 3059 9453 8474 8235 4504 7343 9210 7151 590 2117 5324
23 9670 8902 1430 4652 177 2969 4347 8023 7987 2479 5473 7990 1982 7703 6949 4169 2182 8934 5833 4841 685 6750 7795
25 8420 8435 4836 656 2857 5087 4884 4209 15 4317 9114 9425 7844 4166 5206 5965 3015 3683 2734 7051 5978 4049 4018 5108 7936
15 3321 9634 5188 5208 1339 9102 6524 6992 9921 2391 7087 7154 1115 7393 6479
29 219 7428 502 2338 5783 2385 7777 4415 1476 9720 6306 8976 1624 2854 9697 8842 2485 2350 7923 1151 5412 2750 9271 2266 2318 7297 1341 9753 247
25 9901 5034 5636 9705 1601 7208 708 9684 2556 3230 4653 4144 5655 5186 6180 8417 9672 8678 143 9521 4995 4162 5455 3478 3090
22 6044 1208 5757 1785 6915 545 4535 5950 2381 7247 5680 8465 925 101 9465 8238 783 5407 5011 7568 8001 1558
15 9121 7574 6190 1714 2420 2820 3517 1858 2707 7878 4610 7310 2421 9569 1929
28 9581 9140 9401 5214 8338 9251 3542 9379 8901 320 1328 4075 242 7520 9318 7388 1706 4822 6233 2705 4298 3964 1467 3983 4126 8541 1701 4379
24 9020 8073 9012 8059 3721 3784 4792 2395 9741 9268 5201 2021 5314 3748 7326 1604 9395 983 3081 2265 8538 8396 8740 725
20 9291 8967 9262 592 5389 6679 8855 8680 80 5518 8457 2795 51 9154 6693 2457 2227 9172 2726 5299
16 2176 4450 9358 278 7285 1316 5498 8972 9398 4022 4574 6535 4530 9484 2411 5857
25 6767 608 326 6340 986 1968 2817 3648 2035 6793 8793 5340 5098 7800 2447 4817 6001 6229 2226 7519 8053 5928 2628 2448 939
27 8675 5359 7637 1580 2577 8173 6814 252 396 7715 8288 3476 793 688 5780 5728 5215 9201 4116 3048 9206 712 9596 8508 6676 5458 677
27 1993 1630 8979 1121 6125 3938 6119 4403 9836 7169 8214 3499 544 857 5486 5532 1720 171 1770 2678 8720 7360 358 3087 5886 4844 9638
30 2278 945 1218 6645 5678 2578 5713 7576 6882 7361 9584 8326 194 689 7743 3045 7735 4578 6813 5007 5840 3943 3768 229 6482 7938 8452 3335 6113 4538
22 1563 3208 115 9075 6344 6386 7726 1368 8814 7147 742 6980 903 3581 4926 9008 8295 5209 3742 790 2055 7657
27 9979 6381 4948 5189 5107 9068 1537 9186 8560 6861 9816 663 1857 6332 3960 1358 1775 2826 3884 7511 7144 6046 2458 8391 9714 5891 4008
27 8509 5744 6836 5156 8368 8188 4593 5100 5564 4937 4072 3999 6970 7860 288 2269 1053 7868 5574 3552 2249 4726 1552 9189 1581 3284 8618
26 1815 6159 7000 6771 4587 6762 7191 4965 9553 6301 4711 3625 517 6996 9372 6847 8679 4671 4599 4545 6195 5883 9369 2964 7111 6334
30 6633 5393 2031 4409 1496 8555 4356 2884 2612 6681 8918 255 7626 7192 6655 4902 6469 3446 2003 5789 1717 6256 8388 9124 7478 5867 4795 8482 4311 224
14 2327 5721 4246 2077 2653 3181 993 3657 7501 1639 1844 7588 7678 7937
29 610 4537 697 1518 6503 3112 5584 9044 1110 1073 5587 1832 8565 125 2389 6545 8914 5542 4110 785 2120 3835 1161 6011 9223 4611 455 1962 1484
18 2507 2742 7867 1175 9538 7548 1325 8038 4796 3908 6214 4380 755 7953 4820 6533 3588 4229
28 4098 315 4507 7277 5433 7135 5579 7274 7516 2468 6953 103 1649 1444 7179 6801 4026 3563 8600 9279 1076 9689 7530 1669 1287 4479 8870 3268
27 4066 6735 6058 3215 704 6971 9440 9624 6684 8767 5143 3222 6629 9162 1901 7047 7302 1925 2149 9032 5297 788 4998 2219 4305 5494 1559
28 489 6831 6547 6000 3502 9737 9394 9408 2842 2630 9038 2694 6146 2461 9748 6697 7160 8354 2111 7658 8777 5683 3676 9168 7968 3860 4799 2519
25 5902 8055 7975 439 1272 2178 8882 5914 9817 3231 8334 2596 8304 5705 3360 71 3953 8853 6383 6275 6153 4918 8613 6241 5543
25 7468 1628 7654 1907 9103 3902 5904 3130 3553 4097 5416 9448 1632 2471 7105 8389 7290 7696 1728 8080 1312 9589 8375 3817 9976
25 2429 9128 368 6711 7207 1198 2370 4625 5470 4547 3473 6142 4100 5524 1329 4386 132 3306 532 597 6005 421 7742 7459 391
31 4984 4875 7312 6538 2927 2105 4664 9357 3646 8237 412 7178 2850 6436 5168 9348 8946 6738 4051 2489 2801 8393 8639 3766 7959 4269 1619 7834 3500 5720 5644
21 2828 7406 1640 9512 1693 1355 1160 4163 3859 2082 2561 4698 5061 7505 2311 6686 667 2376 6931 8847 4059
20 6418 513 601 4411 9199 6292 5104 6617 999 1382 5979 4931 4928 7039 7611 6685 6978 2286 2845 311
31 3667 9087 565 1508 7922 767 2240 949 6930 9859 8150 4263 5004 386 4464 8779 3756 8810 8584 3639 1811 631 1091 1390 4780 3260 4823 1084 7123 3892 8874
25 4056 1674 3317 9926 665 2470 4585 1613 3482 4130 6910 1568 1461 7865 3661 6444 3828 5763 3061 654 773 5817 9614 6271 8096
13 9698 3202 1817 569 7084 5641 4129 4908 5269 1295 2608 4432 8999
31 6965 6740 9353 1884 8742 3746 9912 8895 1466 4550 6743 151 8169 4567 4468 5136 2150 3662 5 5826 9352 9115 5752 6826 7481 2301 7369 3576 8070 4127 2015
25 3410 9556 4088 9743 7847 1239 7730 3122 6098 2065 6883 4204 866 5016 9250 8068 7313 6282 9518 2085 1401 5315 1540 7621 6458
32 6361 3170 3717 9795 9872 1733 8116 461 9054 5907 6211 8105 6974 3595 6414 914 4597 2274 5696 7852 3382 6611 2328 7431 4859 6341 5024 4354 5659 9831 2983 4094
22 2418 6842 4470 6708 6926 6897 8817 4359 34 3545 5132 4847 7480 5321 4812 4458 1899 9555 2252 1961 4911 3643
27 6269 3910 3462 6474 8681 992 952 120 8585 6268 4634 3757 7796 7566 2024 5259 3052 943 5149 7185 651 7279 148 7476 8078 8044 8957
29 6694 627 9011 511 1627 9429 7134 1595 1309 4594 1392 2034 2051 122 5102 8513 2522 1423 2688 337 2569 3089 6929 1788 1636 401 9004 5939 1105
24 5222 9996 9487 6173 2984 3326 886 7498 4159 5725 6987 5268 4365 7529 6574 5002 9674 5506 7032 8196 158 8634 1998 6152
19 2531 892 5562 98 7515 9264 1875 6696 8031 9213 2939 9582 5775 879 3698 2908 2113 8430 3259
24 5881 9666 1206 9951 374 7769 4046 3425 3372 4453 5880 740 4138 8077 2255 5488 1556 2970 1868 8174 2210 9765 8453 6670
18 3708 3426 8659 2901 6963 5556 7587 7615 7819 4810 6530 9699 9989 7443 4818 424 7036 8899
11 4873 6879 3193 1855 3084 6449 4509 3343 1544 3887 8217
30 1228 41 8614 5234 7448 5994 4724 4552 6156 7830 2910 1810 6240 9023 1031 4430 7653 7291 347 3711 3177 4183 4760 9746 8602 4257 5718 3611 2130 4679
30 2166 4207 9625 3537 8504 8761 967 1872 3584 6157 9508 6234 1435 3351 333 8335 8357 4960 3151 4081 7 5015 664 3876 2310 1938 9120 7289 6191 218
25 9187 9463 8254 6575 8785 775 6491 6243 7727 4628 8688 692 2978 4251 3088 5936 4253 8056 4392 2133 317 8332 343 1410 9393
23 554 2838 4910 7086 8079 8937 6213 2640 6587 5903 3980 7855 2222 9578 3998 4672 8423 5459 3002 107 2492 5471 9847
27 8564 6884 2495 3842 2059 6089 3227 7679 9950 4358 8383 3907 366 433 6854 2943 2965 3004 1990 6935 5325 1759 7705 6845 3965 4296 8022
24 6900 3104 3605 3270 2119 6698 709 4398 542 8316 4062 6800 3592 7620 3470 4471 4294 7055 1726 7784 845 2540 5504 6263
24 1332 8447 2440 8575 8367 8176 2288 1364 512 8390 2254 5611 8905 1856 1498 7242 2824 8714 9814 5316 2170 5361 3408 88
17 7227 1465 776 8400 1130 1870 1140 5164 3467 2069 5145 4580 702 9 9850 437 9517
24 6780 3196 7355 6409 4113 2206 5635 2670 3689 9709 5421 104 3736 9961 3823 2674 3297 7261 3978 1847 1052 7772 8535 4839
24 3655 2782 9289 6076 85 4838 659 1702 4135 539 9957 3374 8162 4816 2101 167 6732 2574 2435 1600 5147 7356 5586 8838
29 9626 7028 2975 8440 780 4656 853 3904 4278 6367 118 1393 536 7389 1946 8692 2144 9902 262 8039 1237 5109 1174 6049 1795 6501 9067 3870 8789
18 8698 8376 3291 498 9388 4087 6184 9152 3824 3684 7895 1426 6401 8666 3422 8433 1055 8765
31 5343 7451 1527 782 982 6357 8037 2665 8809 4907 3811 7305 1424 7148 6578 6816 7365 7720 8498 8394 7244 8769 6760 5079 4534 5935 763 662 828 9721 4292
31 8086 2928 2649 3680 1281 8597 1937 4105 1891 4654 6165 9337 22 9930 6948 8121 8889 2257 6660 520 6626 750 7426 8802 5750 8275 2833 3781 5848 5629 2432
25 2324 3779 9349 8093 5567 6120 4343 7701 257 2756 4025 2263 2555 7294 2572 5677 988 3071 1149 341 7183 5647 9938 6288 5345
26 3697 5954 5182 3420 4990 4063 2343 9526 7474 7900 1012 8460 6602 4979 9335 1533 2687 2971 6315 8531 1971 6551 860 4288 1114 3617
25 6913 2714 7934 8110 2919 3439 1098 147 9911 586 2332 6799 1058 5357 6483 7661 7571 1673 8839 931 1216 3787 8647 5931 3097
30 3168 699 7638 935 6742 7682 2745 9458 286 1117 8952 6683 9778 6415 3447 7538 9447 2351 2102 9663 6506 5231 7589 6653 7452 49 4054 8279 6073 3737
30 6843 661 2566 1252 9130 3802 5603 2680 7915 4767 1428 5794 7599 9739 449 1654 3920 7333 1975 4239 192 9308 9525 6731 3922 259 8249 9214 4725 3275
33 7188 3459 9640 3585 7698 8194 92 7595 3532 106 8505 1752 9823 9229 8134 8872 6513 9661 7802 6429 687 4524 5319 8497 4864 9590 3814 5410 8321 4077 4778 4281 474
28 6794 6741 7876 4245 4913 2360 6333 4302 6345 4515 8492 9498 3962 8593 1538 4565 814 8886 3385 3911 593 9051 2629 1419 7951 3378 8490 8154
29 4877 8574 8521 1863 6261 595 4441 3754 52 852 5305 714 5191 173 4626 5019 154 8844 339 2403 8660 9603 6723 6448 4189 3571 7818 8120 5431
22 6139 7248 6922 4520 4372 808 5176 4378 4487 8470 4093 232 3913 184 1469 3296 5985 2550 131 3687 796 3883
26 1407 9030 4064 3616 2997 3232 6618 8243 6393 8533 3845 7909 2960 6860 3144 7306 4755 3733 7485 6872 4041 5737 6981 4057 3110 5895
25 477 5089 47 497 3701 9645 8324 9896 1930 285 5247 3593 1822 5502 5943 7273 9958 6219 451 3730 3472 2744 140 1190 9536
32 696 2455 3105 4410 9492 2852 8094 5045 4270 3146 5323 1176 4426 1688 6830 7635 5729 3873 6314 4333 8045 2081 2800 6964 6934 834 299 3886 3612 8607 8123 3380
32 8213 8426 8207 5477 2060 8403 7309 9028 7271 9441 9826 8004 7507 7024 4429 877 4745 4452 1183 2549 3383 7545 5397 9468 1915 1893 5617 5942 7719 3347 3589 6394
27 8787 4575 1997 2245 6967 646 4696 3785 3867 4857 1541 9056 4768 1513 3686 9442 2451 7063 6054 114 505 2620 7026 679 3218 7173 9257
38 7709 1625 4733 1386 9116 8854 6705 141 4355 6907 1282 7749 9219 9302 3894 9110 6047 8997 1289 7797 3707 6528 851 9531 4030 1089 6797 2855 7989 2879 6700 2703 1180 5896 9241 4091 549 7983
13 5858 9927 46 991 4660 9868 1442 7776 4413 3957 4339 5376 4268
14 3647 5887 1429 5289 6775 2309 8291 2851 2887 9656 4445 6546 5318 9476
31 1447 4255 8637 9341 6643 9846 6946 4776 7724 9644 4014 9270 2595 9630 1450 3650 2552 4336 6791 63 1916 564 8315 6278 2716 8142 5749 3095 5604 8106 5571
27 8630 9320 7102 9947 7628 7209 1294 8860 3434 2107 7592 7898 624 7394 732 9821 4663 9212 3844 7072 5339 9723 3349 1148 9811 7986 9243
22 7849 6457 7779 3866 514 5356 4068 6114 5278 4569 1310 6829 6859 4276 6960 8095 1663 6955 7235 8178 4416 9504
20 2589 206 6021 3539 9438 9727 5552 6318 6811 471 7721 1083 6109 4095 8825 1698 2502 6087 7472 9005
14 3294 2881 2967 476 9539 4881 3630 5175 220 1548 4325 7163 3111 5646
29 7318 3549 2512 428 4016 2635 7534 4744 691 9077 5105 7381 1871 7266 8745 4620 5000 2995 6376 3198 7910 3548 5013 1280 1086 1813 6943 6585 5501
23 5402 1773 6536 9002 5263 921 7344 254 7564 2052 9790 490 9767 5117 1296 6608 6033 7854 6661 7264 446 1545 7783
20 8965 1869 1179 6067 7712 8534 5582 5651 9867 4852 6977 7536 9170 94 9883 346 5438 3728 3207 9906
21 2296 5510 825 3058 7464 4544 4085 9231 7021 1882 6008 5513 8752 479 8866 4769 6993 4883 980 9796 7463
18 7716 7602 3710 310 5373 4152 2378 7656 6037 551 6623 6092 1070 7664 7863 3042 2864 2530
26 4475 3430 9297 5602 9819 127 7282 7778 2547 1045 5380 6059 1308 9490 6891 1125 9244 7418 3353 727 888 4427 7775 4321 2408 1992
30 5227 209 6634 3789 3970 629 4195 934 1561 8446 1840 2808 1047 4770 4217 2634 9153 968 7973 5327 6671 5081 4108 8036 7283 792 302 5988 5859 7669
25 9820 7224 6450 4869 100 6216 4958 4477 8062 7370 9167 3308 9722 1834 8673 7773 1122 8046 3274 6317 6627 729 4909 4042 1209
32 7088 8950 8792 69 146 3117 5116 8486 4498 3210 4472 2923 5872 9113 1154 3568 1885 2365 9762 2295 5618 9365 1478 2746 1336 5399 5839 2157 5058 295 2009 5836
24 2313 8329 3368 9575 3414 6048 6639 2661 2330 1716 408 1692 3341 7582 7420 7736 8537 8625 9147 9427 8581 86 4160 8921
22 8557 1908 4629 8187 2406 8970 5310 8244 5569 3854 5692 8916 2341 1027 4000 5196 7655 8943 7748 6595 7700 4431
28 1227 4223 5120 3915 9182 2033 6597 3261 3843 9632 7490 9607 1736 918 4316 3551 4004 8427 1155 2331 7828 2792 3248 3492 188 6088 3656 5370
33 6662 3029 8351 2036 5539 7916 9165 4300 4888 9027 2948 9623 9810 3534 678 6326 2777 2348 5687 7500 9839 8365 3125 6419 8880 4283 7158 3727 5224 5159 1614 7115 1219
23 7687 3510 3411 5503 5135 1565 1880 5154 3628 6077 2282 4155 4385 9535 9551 5467 2588 7484 7412 5368 56 2819 5538
32 1113 1223 1550 5511 1365 1079 2368 1660 5792 1338 8072 7949 1911 2740 5704 9292 7962 2876 5882 3000 6637 5152 5363 418 8837 8467 5869 7676 7801 948 5230 5693
26 5218 2957 3541 3795 8035 2482 3770 2924 230 7493 65 7647 6728 1626 3448 3023 5126 468 1437 4061 2643 6373 2843 9878 4177 2743
24 8189 9920 1326 572 8273 6589 9505 3909 2393 2246 9574 3339 90 9939 8141 8473 5257 1017 5893 574 4178 6022 9520 2755
24 1724 5300 8458 493 3325 1319 7010 9779 2109 3508 3841 7723 5796 7541 9437 3822 9173 915 1987 3633 5296 3665 1261 5606
25 8587 7561 7792 8653 4659 3194 1509 6094 7122 275 1486 2662 9730 2239 4201 6388 4146 191 6417 2865 4310 6481 5449 3985 5435
26 3333 7082 7097 9135 292 379 6297 4784 3269 5664 1468 8881 2358 5419 3955 4579 9047 5190 6355 5337 869 8341 3046 2172 8517 7885
24 6912 6747 2505 4989 8075 8159 1448 216 7645 2947 3438 9835 4932 7031 9445 3864 2725 1158 9585 6177 6212 6266 3664 4474
31 394 3758 4833 9815 5888 4914 772 6484 1768 1643 2534 8741 2526 3277 594 2284 5360 5383 5906 6555 2484 2579 5671 8658 6300 7184 6147 9818 910 3386 4309
24 8783 6004 5507 5663 3615 8412 4503 9133 1330 4211 8366 4357 6038 7237 6006 8048 2685 735 9360 7268 1452 447 616 4542
29 3236 3947 3066 208 6182 5366 9952 3305 1831 4019 1123 9783 6505 4730 9704 973 6320 1851 9093 2306 7639 5030 4676 3703 3180 9220 1841 6342 7681
29 3527 3424 5829 164 4035 6648 5837 8300 397 2760 816 4840 518 5313 4710 9548 6590 4234 8181 7212 5820 3996 4271 3800 4447 1427 82 7133 5348
24 2297 8573 5001 8987 3278 6443 2375 8974 2344 5216 8432 53 4419 6324 2469 5828 4193 4743 1662 5922 3677 6664 1439 9430
29 9046 1251 3544 3583 3949 6719 5031 2095 4677 777 2933 4272 9894 5512 5367 6525 1696 2894 8392 5916 3954 323 145 5251 9451 3522 9558 3618 7399
22 3918 5890 9874 9104 378 8529 8190 843 3905 897 5155 2063 9026 7101 1253 9049 4334 2761 1156 764 1022 1150
34 8149 3067 5554 2056 172 922 3636 6809 7856 8990 5452 3798 6909 5878 2444 561 2859 2340 9456 3234 7345 1321 8709 5038 2638 4462 2194 8919 6250 13 9371 392 6494 5970
22 1492 9806 4202 313 4007 5043 2076 2543 7048 3946 4734 4916 5073 2244 3241 5565 8010 3560 3641 7303 5265 5723
34 5027 1372 6164 975 381 3879 4366 7315 5803 3429 9248 1787 5864 4486 5472 9205 909 812 6286 4674 6464 2655 5078 9500 5961 526 3486 9432 3681 5204 7166 1865 4133 1867
30 7140 8449 8803 4250 376 9576 3345 2790 4244 4802 1791 9734 5583 5023 1551 3832 2414 6149 8567 668 5905 8771 8561 3407 8139 1837 5388 1951 7467 9677
29 6189 2963 57 8831 751 7263 5279 7150 9496 2234 1389 83 9884 3141 5097 3299 1622 1606 9386 3801 6554 5612 2369 5432 2491 2196 9461 3723 6390
21 9733 7104 448 9620 5815 9070 5441 5385 6027 331 8846 8117 9356 3934 1808 1825 4691 1983 3591 3850 2813
21 1838 3773 4807 5054 9610 529 9763 6248 274 3235 1682 1796 9218 974 7015 4774 8684 1536 2289 2618 2848
27 3049 8021 481 1240 6498 422 1487 1443 9019 3258 1767 3159 5157 1989 5463 5355 3318 2022 8677 652 3604 1935 3734 3652 8137 1304 1044
23 666 8774 1081 7984 1299 4561 5519 2959 3449 9943 4173 2563 8812 6812 1737 7774 5493 7859 8867 5395 432 5819 3569
26 3546 3176 1233 8856 9179 3493 1181 8737 5835 3394 2568 3765 8904 2636 7090 684 2611 5183 3577 641 6440 301 5937 8265 7714 9573
30 7064 3990 965 9549 9949 7535 7457 3373 2548 3085 3007 3959 8136 6810 2116 9547 1854 5080 4289 5605 1578 8570 3350 4589 944 6844 5342 6840 325 1066
30 6656 3138 1904 1723 7034 6512 7816 5861 5514 2374 9000 6085 9022 4985 2443 201 7619 6709 4748 3927 9856 2317 5843 5454 2625 7251 1014 7524 707 8556
28 1194 4428 1729 6601 1263 1250 5962 3155 938 1603 3924 3027 1516 4382 6763 9431 8003 9312 7003 784 3179 3322 6986 2806 2698 5592 8700 8640
30 7435 4184 3199 5719 9527 7840 9138 7933 8945 7422 9881 4499 3536 7007 7790 7914 450 9688 5128 2124 2058 4367 79 3745 8503 3931 2794 3984 2962 6901
30 5971 2026 128 6430 9042 2304 867 3507 1248 235 4248 4843 9136 1345 6176 4258 4461 5525 5448 9895 4381 1099 8706 7660 8572 6973 4424 9827 5841 6761
29 2603 9851 5996 6327 4228 2409 3775 3524 459 5062 4167 3877 4688 7189 786 3935 8778 5898 9802 2342 7022 5236 5669 2161 6950 6045 9977 1931 4090
20 3540 5369 3114 5627 5382 636 8026 1203 2737 3550 5999 7757 4312 2087 7886 8824 822 5653 4683 638
30 1883 8459 1524 5347 2937 9923 1721 4969 5451 5134 7341 4473 1395 9355 8242 2062 8165 6560 3704 2183 3301 5056 7523 3744 8707 6496 5404 5758 2691 4412
27 3245 8323 5756 4806 8298 2473 553 2966 8160 1612 612 3753 37 5350 261 7417 4925 2757 1131 2666 8859 891 3705 7943 8163 303 5934
30 1414 9137 2690 4107 7883 4986 9564 5193 8686 7508 1715 936 3323 9083 7552 9708 7976 1025 4727 5823 4991 3094 1517 7597 2604 8910 8320 5973 722 7432
22 6529 7116 1564 417 3807 4862 3451 649 1048 7894 9143 3079 3267 2765 6339 6798 940 3813 3481 8727 6789 3156
25 3249 7677 533 2639 1647 4595 9889 1412 3930 3133 3750 9322 9998 3377 1277 3979 5778 7330 4438 3001 5067 9025 5666 1569 7954
29 8302 730 6942 7683 6023 9710 6013 2220 3895 7680 6437 4043 1383 1402 4903 3152 4801 1707 3246 5365 5588 1242 6828 2298 9669 8519 1019 4377 6412
28 8290 2118 8989 5187 1762 2797 3099 3981 7829 1532 7483 8935 8177 1266 8025 6556 6790 9899 8047 5290 7423 4261 176 540 9637 1758 9304 8292
24 567 5818 3833 7567 611 5344 2291 883 6746 6253 3328 6824 5919 4237 8402 3037 9339 5814 5845 5735 4157 1892 1020 8948
19 6502 9452 4164 8554 8772 5371 9375 8064 5976 9718 6205 7331 7419 2177 8468 9454 4451 3043 8878
28 7156 457 6338 7438 2732 1725 7697 2977 6864 6406 9085 6863 9092 28 1224 6126 6091 8643 1032 2363 522 1356 2914 831 1958 7824 6919 9326
26 4208 248 9702 2600 4639 5082 5400 2525 523 9789 5534 8605 8343 4039 5993 3649 7304 3504 6673 7469 6598 8797 1479 8404 7011 2169
10 7455 739 6208 4048 8071 8911 1782 3332 978 2586
18 190 5480 1111 9240 6231 3256 4198 1956 5035 416 9040 9875 9434 3971 9797 2516 5174 6002
29 7198 9813 950 2352 9833 5809 3751 8491 5442 3392 9384 4878 5558 676 525 4001 5741 8496 1957 2650 5197 4596 8579 5130 9792 8622 9937 2225 9301
32 2424 9495 8448 2651 6580 8118 4331 3165 4828 5099 2086 8293 670 7132 6712 3011 2431 5548 8360 2524 7616 1092 1385 9413 7487 6074 6291 7964 8580 1522 4145 3644
36 1605 6296 419 4137 475 4607 9035 9156 821 2054 7872 1584 7624 5210 6619 8749 2175 1761 2700 3961 4036 5921 7327 4373 7139 8472 9841 7559 8836 3250 2103 9764 8770 1134 2247 3348
30 4536 6807 8548 2216 8795 823 5437 7693 3694 7339 9934 8627 4582 3416 5689 8813 3397 227 9258 2267 8912 1462 2779 4174 8790 602 1327 9860 4955 4337
28 3276 166 8588 6413 9751 1369 6744 6237 6713 153 8775 6042 2237 7397 9653 7752 2858 4425 8483 5676 8626 7307 1903 6019 6959 6465 6603 3253
30 7186 864 5626 7442 3433 3082 5170 8058 272 2057 9157 9155 3340 8906 3808 5956 7583 5271 7982 2590 9825 1107 9662 7218 2460 7617 6348 9146 6650 8386
27 3409 6786 655 6356 3366 6132 7761 4353 2541 7167 9774 2950 6803 195 9572 4102 9053 3355 7623 5989 1225 1801 1617 1969 9198 2032 7825
22 8262 8832 6012 849 4555 9265 969 7805 1159 7403 1124 5648 6918 1661 7038 1793 1367 4408 7977 6365 4320 2581
29 6654 7512 8309 2537 8995 8530 9647 2011 2515 2972 8598 724 8755 9706 4460 1786 7917 3659 2980 6787 7030 6852 2347 1354 3626 2730 5591 8308 4156
29 1637 2143 4299 856 9419 4709 9263 3228 1197 4314 2 1967 9376 8599 149 3878 3158 3526 7851 781 6428 345 5773 3702 2554 9014 6242 4553 427
26 9935 4112 5957 2934 4493 4021 403 6902 352 8099 7149 575 9917 1050 5274 5852 213 500 850 5427 878 5594 8230 4604 9700 672
29 1170 2520 1054 1200 830 8768 6078 2404 4274 5632 3211 1292 912 6353 2762 8931 8381 8525 7408 1007 2481 7539 8657 4463 4861 1731 5446 1293 84
25 1512 6875 3816 1685 6402 494 9809 6579 4496 9192 582 2400 3300 5561 9055 1780 9695 4737 2372 3488 1680 797 749 8098 2465
16 8227 4938 4690 6920 4457 4442 7939 7098 1351 8596 7136 3520 807 9834 1798 7956
27 817 3891 933 5593 7256 4206 8801 698 3295 5537 8284 1597 9275 4165 3452 3538 647 6837 9728 9149 1379 1279 111 5581 7219 3903 4929
24 8029 7020 4011 32 5768 8289 3145 6102 5068 1011 2088 4946 2668 5331 5177 1362 6287 4700 6991 1488 5476 1247 3280 4199
23 8484 2335 9944 9680 9738 3057 2954 8909 2415 9687 384 6866 7130 8359 3352 8161 1068 4868 308 3310 8959 7002 3120
23 7810 9406 1010 8146 4376 1529 8259 9908 5464 3123 1670 3237 9594 745 2419 4655 7027 1103 960 123 9200 1658 240
25 3005 5112 212 3906 5453 3958 6716 5550 6808 3767 5767 9237 3242 1749 1119 752 5119 3272 9885 9057 3003 9960 5874 8337 4662
16 7114 6455 1399 5260 4809 8129 8361 2354 798 7299 7892 9063 6017 6018 472 8983
25 7108 2711 7466 9516 1944 6641 8307 7462 3182 6542 2956 2016 7528 9966 5595 7908 6936 8723 9891 650 5248 2211 1642 1082 4494
29 8158 9109 2982 4318 5853 178 1521 9566 138 4824 3597 736 9072 3016 4712 1719 2772 6309 3171 9261 4576 8985 7963 5037 9787 2326 6911 1718 6706
28 3596 6192 9252 1201 3173 4667 4096 7547 3139 9554 7734 8283 841 6802 3091 4222 1036 6549 6957 6867 2902 9601 9986 3637 5563 3255 1510 7270
24 9405 9544 7648 9657 3116 415 7558 3203 7075 342 3455 7605 9866 5181 2371 7667 7367 4943 9854 9266 5811 6944 8808 7404
20 2738 7357 8328 2717 9018 8028 7573 5901 7142 9397 356 2017 1229 9755 6736 1505 4719 1807 4557 6997
20 7325 9064 7689 613 279 547 738 9111 2728 3320 6351 2475 4600 3868 6788 3871 5047 431 7533 2695
26 8711 6239 1415 4532 6596 3432 1656 3282 5992 5600 6846 8246 6947 813 2047 5330 6371 3243 1607 5613 2490 6311 6876 8735 6518 231
30 7293 606 5491 6924 1804 2305 8791 5495 8671 9561 8800 6106 7045 4104 3846 1681 7935 9798 6733 7071 7848 7760 4640 9777 9203 623 5051 8260 3288 6
17 2233 5332 7430 2477 7194 8826 1317 3847 3709 7400 1274 2849 8924 2886 438 1579 3755
29 6404 2791 1697 2780 4028 6927 8595 6956 4045 5941 1193 215 1598 6678 7363 7788 3674 3700 8231 8052 7089 5781 2067 4808 7489 7831 3518 2271 3033
22 3358 2497 8416 8502 2089 9462 4235 8616 1035 7699 6385 2454 5114 9904 1157 1404 6217 9609 2287 5545 7017 710
25 7711 768 328 7380 7685 871 5405 1523 6932 5879 576 67 4033 2532 6387 5396 223 703 605 3312 1764 14 8929 6644 6467
25 7864 5213 7768 211 9392 4433 5465 5302 5039 5391 1783 7286 7016 8076 682 6572 9853 6557 9285 6254 7644 3367 8612 1006 5897
24 9166 8670 152 2417 4701 9919 2213 7521 4874 6777 2712 6675 1890 4708 9750 5461 9942 5932 4811 8925 9446 1826 1254 1300
24 8489 769 4387 4661 6475 3936 2900 3977 3316 8325 7978 9350 9665 7168 6972 1659 2302 1173 221 8858 5760 8701 4348 1038
19 6485 5991 989 2439 4125 9418 186 9122 7771 7254 3427 3653 9338 1991 3184 1377 4446 9532 9313
28 7612 9191 199 3840 506 8546 896 4584 8296 6680 93 4106 8475 9148 1163 6471 2708 7233 4548 404 7526 5423 6015 8877 4731 4641 818 8069
19 3826 6200 306 2602 744 970 8247 6249 4572 9969 3223 3187 8418 9294 1133 7563 7042 5631 423
28 5615 8104 332 6984 9158 1109 7066 7691 2023 8928 8450 7259 4264 5364 6773 7405 3413 1853 8399 4603 673 389 4508 5688 4079 8363 9176 4375
28 3575 9559 1949 7732 9972 6082 3622 5619 5998 9433 1071 1416 6785 7340 2197 7839 2587 3060 1744 3131 7980 1127 2747 2064 5731 2337 9560 2597
14 1609 2736 7492 8253 8763 1400 8340 4721 2870 390 9290 4554 1562 8301
22 7398 3024 4109 1260 9557 8379 1631 4588 8164 5444 1690 2476 3725 8358 1153 3423 7054 1184 5138 1751 6258 8147
19 1384 6199 2681 8835 7236 2570 5091 5995 1065 2398 5217 2215 1906 868 2951 8278 906 7049 7861
12 8932 7329 3821 2573 97 5529 7782 4512 9725 9515 7458 4103
22 6745 4511 6584 643 458 2989 6515 6203 470 2499 6276 1917 9973 6071 9502 429 9861 8636 1570 2312 9970 5868
19 3147 5948 7068 6283 6610 7843 4323 5870 3076 7921 6564 9342 5378 237 2759 8982 2961 1939 8710
27 6849 9744 8133 7994 7479 1189 3624 4775 2191 7164 8437 8811 1078 8281 8248 2012 9807 6370 3815 2168 1244 8894 5489 4977 2152 6016 9563
24 5387 4170 1186 7092 5169 1583 5702 6727 7659 4456 7262 7972 5925 2038 7835 8977 6899 2624 5544 16 7814 7985 1009 2223
28 9347 4233 9382 3036 9202 4171 9475 1846 2810 9288 6674 9074 1470 5041 3186 112 6167 183 5258 2294 7674 4936 5059 2683 8385 3559 2770 2735
31 9649 2899 3017 7580 5650 6133 2930 7745 353 8014 8103 196 2601 2599 8344 2684 6020 2004 2873 3419 7738 570 8084 6427 1185 1940 7577 4729 3853 1677 8019
26 1784 6658 6951 6567 1755 5124 5374 8373 8182 2722 2631 3150 5166 7292 1740 7095 7238 4361 3309 2014 6107 4226 8282 6569 7733 142
28 19 563 5710 3247 5770 2272 8017 9421 6488 8903 1034 6975 9293 8347 1375 4678 2778 5010 7765 411 5673 4633 8251 1147 4927 6433 8122 3162
25 5727 2436 364 6718 5462 9659 501 4055 5262 8576 3009 4614 1824 5754 8975 7767 5066 3273 1366 307 8849 1095 6294 998 1506
33 109 530 2425 7710 9127 8806 6422 6737 9641 8339 8511 8218 3574 8748 4335 3495 6130 2996 3376 6561 6938 226 2428 9932 6040 5691 4466 6136 6096 9129 8311 8319 2883
24 6150 1984 1 1845 7245 1023 454 9848 4369 5793 5850 6704 2199 1413 1268 1360 3899 2878 8205 9552 3987 1454 8690 4071
22 658 7553 5425 2382 8421 4123 3393 2866 9228 243 1827 5963 4175 287 1732 6520 1303 8398 6112 3264 7758 700
21 789 2788 6454 7246 1676 6407 5915 2565 7334 2179 8553 8650 2093 8050 5930 5706 4837 6835 7522 3928 3825
30 3148 3989 8346 435 7323 559 4930 2667 1004 2796 9106 7967 779 2935 800 9460 2768 1572 3214 7608 4505 1765 1704 3558 6099 9642 7722 7409 3679 6870
23 3640 2642 6818 6398 4070 64 282 3573 7402 510 6600 3013 7695 5199 3209 9615 7159 9931 410 108 9646 298 5682
28 7891 1852 6615 5913 4344 5910 7764 1504 1709 8345 9880 4789 7556 4974 7897 6347 7671 9726 3944 9580 2689 1683 8488 3126 8424 8185 2562 5445
30 6329 3092 3739 7884 9033 3793 9612 833 30 1464 3443 6312 1988 686 4188 6504 9086 2646 4945 6651 5643 2987 4972 6343 7888 8082 234 4185 2724 626
32 3579 9595 9890 3108 7434 161 1311 1862 244 7014 2315 3031 9321 399 5292 5862 7461 4262 5568 4684 3519 2459 4923 9404 9840 7946 8589 3718 4695 8527 7441 8818
26 7993 8566 7243 9164 6024 2979 4819 711 8819 8108 1387 1850 2632 1136 7322 8215 6720 2890 4598 460 5121 1645 5599 6093 4606 8543
18 8024 9246 5699 7690 6985 7203 7477 2355 9082 121 5317 9333 9029 4746 3161 6431 7632 8480
20 4260 4154 4020 2660 6659 293 1933 2719 3195 3525 7815 5997 54 8655 99 9280 7269 6441 1359 5717
23 7471 4665 3885 3370 5241 3124 990 8968 5684 6995 8512 1388 5570 8461 367 804 1665 3441 1195 9650 4951 2659 6725
28 9864 3384 3940 9570 388 715 2893 2037 618 129 7798 8387 528 3590 7590 4738 4933 2066 3324 9391 2361 3945 12 9993 59 8582 4601 9061
20 2942 1778 4686 1710 2248 9592 1411 9150 8544 6604 3142 2911 8697 5288 9344 7482 2277 7138 5390 1948
27 1651 4673 6764 6305 3477 2527 7275 4623 6751 880 3463 8693 2437 467 6945 996 9389 205 7858 5765 8455 6236 4556 3028 7311 2544 4742
31 5875 720 956 1460 7663 5952 9272 5021 4866 8721 8764 683 4988 1753 5520 985 8060 1650 2816 2988 4954 7979 4304 6599 5151 8451 9010 1408 9387 2243 568
27 4693 8203 2856 9171 4786 9381 294 9701 3722 7384 5929 5184 6137 6025 217 905 9039 7838 3706 5946 504 3020 2946 5003 1015 9770 9707
28 7287 8848 1959 8419 3778 1553 5764 6868 8691 4893 4443 8074 4890 3660 8442 8297 2236 45 336 706 9088 8515 3872 7603 5499 7350 7899 5273
20 3197 6493 9144 7686 7110 1638 3391 2256 6636 2517 5261 1713 5266 413 7544 4702 4399 6665 758 9329
28 8020 5049 8382 6141 4645 9242 105 7907 3752 4111 6451 8960 8986 964 7076 4694 1033 4526 1894 7023 765 486 9540 900 9507 8327 9334 719
19 8425 8274 6069 2207 552 2110 1947 4406 5094 4121 492 3642 995 5515 3995 7374 8879 1602 3286
27 7230 1177 2261 8191 7411 8780 6178 7366 1861 7502 5911 1525 1235 9080 4621 8829 3599 9588 4254 9760 9443 7324 4390 8043 1823 8350 6640
26 1024 7379 95 9364 1480 847 4114 3135 2713 8933 6187 1371 4804 9616 8936 3897 9618 1760 4757 5264 4363 2697 1576 9577 9766 4551
21 2536 4194 2904 4657 6966 2171 4326 3421 7793 7630 5226 426 7845 7317 2096 6573 3113 70 2862 1212 9256
24 1013 6804 3830 802 2787 7912 7425 1459 3896 8843 8788 1591 1535 5807 8966 3834 4999 3056 9622 9668 7165 430 9131 2094
26 5572 8434 2992 5012 2751 5766 7918 7823 1283 4044 5482 8969 5738 8887 8907 5759 9892 3118 4751 6508 2775 6411 756 2100 4140 3929
28 726 5377 9654 1835 5690 2173 7971 9980 7542 9299 6821 2715 5032 6396 5739 2785 2615 2030 9982 653 1080 3837 2564 9467 5536 7281 5508 2273
33 9090 3167 1734 4863 8766 241 7901 5426 546 7837 7873 4800 8562 9513 8225 5730 5597 7217 8873 701 2739 4631 6666 8900 3515 4151 3175 6108 5198 1093 6721 1543 6783
22 5358 9627 8536 5668 4297 2591 4564 4345 1672 7121 5802 827 44 4131 642 8908 5242 1074 7035 4273 7410 8850
28 4781 9503 2112 3319 6244 7808 9478 9482 7806 8807 3154 6682 9428 4423 7832 4754 6267 7439 2493 165 6487 630 1398 791 4886 6881 8862 5791
25 1803 1635 6172 5899 4449 2846 1199 5026 3948 6625 4549 6612 9021 253 9009 4500 2510 8408 7257 6097 5813 8648 3688 2322 7109
19 5237 3601 7572 3594 7882 5298 7081 5394 365 3285 7368 2633 4440 6517 4161 8380 4741 1204 3631
20 7948 2731 5670 8431 5475 2308 4912 972 3523 2617 9081 9161 324 2807 2013 2592 7112 757 8210 8913
18 1438 7575 8868 4675 5133 2805 7298 456 42 4082 2672 6577 6166 9069 7044 6323 6080 7641
30 5808 7846 6473 5686 3026 8665 6672 1302 1979 484 7006 2345 527 6540 6061 4681 7675 6869 3820 5832 3440 3890 4983 5667 1350 1425 6635 4897 4374 9873
32 6135 4414 4421 9804 9871 1474 2613 560 175 7903 2025 893 8212 8140 728 2148 2413 1806 3018 2018 5194 5873 7181 1285 4083 1952 6979 6151 2609 5253 4707 8762
23 4546 1142 1221 6352 354 1146 5679 9583 1132 7137 7753 1711 3771 8405 6330 5276 9648 7202 3304 3172 7789 8947 4766
20 9473 9267 9045 5566 8085 2754 9761 7043 8694 6161 355 5163 2498 2546 694 2445 1712 6143 2090 1560
28 6123 2784 1955 4285 483 5069 380 6188 1297 4871 5933 3799 3556 3925 1534 4388 9533 8822 8971 8013 9786 9050 8349 3206 766 4350 4627 8518
18 7180 6377 6420 3044 8063 5353 5384 5308 6105 1926 1836 2283 6532 3670 3804 9803 3514 8751
17 9402 8736 1276 9954 6272 3404 614 3251 7999 4715 5975 3726 3658 9016 1575 6834 4243
25 3651 2641 3188 7737 1792 4065 7232 8220 7629 8644 1531 538 4566 7077 8261 4682 256 8621 806 5071 5148 316 4506 1887 7928
22 3608 2401 2121 8864 2359 3776 4978 3919 9683 4439 8233 160 1829 8744 932 8092 2474 9024 8897 8884 8414 6031
18 1406 7129 1588 9579 2480 9639 5610 4981 2078 11 1217 1000 7821 3715 4752 2623 8654 3458
23 7889 8699 6765 8823 9712 4749 8719 6197 7125 9193 9194 2494 1965 2027 335 4362 75 7518 246 7813 3838 1547 6466
31 3257 1860 9078 984 1557 102 39 1644 4031 4722 9724 9006 9043 6772 2204 6308 7820 359 4187 5761 5346 1397 3678 573 644 9568 2593 6434 1001 2798 5137
