32 9475 4967 7704 3027 4802 7650 5945 4514 2409 8687 4542 4124 8222 2606 8883 8882 1496 9734 9717 4475 591 6984 1617 4209 1443 3559 399 1115 3168 5257 9163 2603
25 7277 314 659 3050 7865 5596 6919 9339 5035 3035 778 7157 4748 5356 4240 716 7003 5871 4810 9977 889 4973 2306 7593 6537
28 9392 8590 8017 4415 9907 5052 541 6562 2919 3336 9983 140 3317 4723 3437 3499 7808 7225 8312 3032 8763 2454 634 7856 9869 8180 2446 9832
31 45 3660 3169 4807 4909 3518 7790 8726 7347 5301 1242 6531 2011 2325 1085 5909 4167 1272 56 9553 3222 2974 5271 7145 4036 3996 4061 5569 8317 1946 2149
30 156 9141 1846 446 5153 7151 7180 970 3040 1411 9314 3508 7284 2699 6137 4551 9666 8764 297 4035 8671 9711 3189 6636 7799 1279 4600 1678 5836 4188
31 2995 1752 2793 108 4151 8966 3917 7541 3770 5704 1096 6191 6674 1320 6809 2576 3344 8996 1781 6695 8459 9137 1355 3861 3947 9124 7518 2516 3218 1001 4789
27 3187 5467 416 9930 3702 8418 5323 190 7038 5350 9952 8939 4602 5716 3978 7437 1950 1480 1180 1775 2363 2383 6251 4026 3072 825 6588
29 3216 8543 6416 3582 6681 408 173 9182 1326 3487 7082 1747 3798 5994 2237 5924 5884 2420 8525 6070 6733 7252 3081 5725 8077 5712 9847 6413 8854
25 4052 227 2384 5117 9322 3300 3243 2960 7875 2255 6115 1661 7013 3567 6315 100 8161 2073 1162 7019 1538 7991 5729 1533 202
26 4935 8492 8624 2395 1095 6167 8022 739 8122 4844 2276 6811 8814 5732 3213 5001 9626 8 5866 7263 7734 2691 166 1540 5930 5707
28 8598 811 747 1049 8584 7327 5376 1897 525 881 6585 2390 3974 7493 6841 1673 9587 7433 8086 6805 9849 5719 3527 7478 2467 1367 3107 7234
28 681 766 5942 906 5860 5796 3625 3341 7455 3078 8159 4179 8094 8650 8560 6539 4244 1710 9985 5494 7686 8344 5155 3219 2819 3931 1315 4644
28 4189 4773 874 3295 375 1677 5157 7916 619 6820 3273 7007 2675 1719 4340 5880 6526 3666 748 1251 284 3498 9953 7705 9045 9767 6842 8898
26 102 9361 8464 3764 7176 2622 4089 9415 5278 1218 7466 7983 5869 4617 4414 1886 1611 4842 9566 4073 5358 2751 9576 5491 8583 7162
30 6428 1179 6130 6488 8710 8829 931 9874 6866 9044 8025 4032 7766 331 6508 9959 8422 5594 4482 1720 7070 7211 3338 9374 7595 2093 2268 8298 4712 3227
29 7849 4759 8399 6032 8063 2992 365 901 9425 6412 9029 2859 8864 3108 4424 3641 1341 5123 3394 2455 4484 9061 3111 9143 4913 9094 2781 2157 85
30 5835 846 6959 3932 6351 9258 784 1865 1707 5090 4833 353 5106 9434 6044 30 8051 618 5628 326 1748 7685 5663 3022 1277 7647 1943 2902 764 3810
30 5482 596 128 8949 1390 6322 7375 117 383 2132 1849 4732 527 2354 1145 669 9810 1346 2453 1901 707 723 2162 2883 3098 1634 8374 946 2367 7136
29 9106 5557 8170 7060 4200 1133 3090 1777 9733 7942 2474 2705 9160 8762 7615 112 302 8571 4879 5891 5762 4426 4999 651 8981 8228 1150 4635 973
28 8044 534 4327 2815 6844 2057 9571 1420 87 3989 5412 5768 9792 8630 5519 9507 6396 8480 3245 1949 8719 6899 6431 2311 8893 4791 3006 7264
29 7138 8128 4994 9606 5263 7723 8417 6244 3882 7390 8602 7525 4136 7989 2165 475 6380 8401 4648 9480 4854 5264 543 932 2885 4695 8928 9643 849
29 6570 1035 8781 9804 9033 3755 5228 6409 7142 2558 9812 3310 8826 2683 9681 611 5037 5825 2259 454 6934 3270 9496 1974 6077 6366 5276 1638 7534
28 4467 3592 3503 9251 2860 4587 2298 9362 3304 9548 84 5830 1314 7924 7546 8034 1702 6987 8091 3053 9569 1874 3239 8750 5317 9731 6135 6090
30 9413 4060 9685 1745 4834 4053 236 9272 2797 4263 6666 7037 2120 322 3321 8007 917 2466 8158 842 2460 4663 136 6465 809 6201 9023 2273 3059 1635
27 3491 9417 8027 7026 158 4096 6522 7927 6872 1837 1045 2780 3464 6156 4737 1495 4868 2662 6064 4245 8354 9945 3948 8712 321 5178 7820
33 6430 7320 9031 1365 7120 8885 7575 571 8594 2608 6686 902 4638 4945 2044 9287 1838 8597 9409 5573 5415 967 6514 9449 9198 7523 5996 6136 4895 9645 9330 5033 5107
26 9168 6245 130 9397 4530 5351 107 5053 7661 2426 8616 6915 2424 5270 4112 211 524 7550 5620 4075 5981 1209 6358 5618 4526 1648
28 6229 1956 9755 7084 5251 4495 6643 8911 9854 7614 3507 5395 2080 6941 5048 3747 3287 8497 4162 6314 6219 9062 783 1375 4297 6303 4956 9346
27 9159 5941 7752 2253 3836 466 5739 8476 594 3392 3131 2066 7549 3446 2015 6204 3884 4924 7959 1984 2159 2074 4270 2626 3607 6542 7341
28 2870 2648 4757 5247 6556 9540 5424 9986 8627 7419 7336 8755 1091 3944 9729 7898 613 4357 8662 9048 5088 25 6339 2275 491 5953 537 1711
30 3873 8152 8503 5534 6815 7381 7605 8001 8004 1694 7863 2020 7300 5132 4761 2185 9066 6725 4133 8692 9271 6831 5449 7055 3752 4411 4811 7319 3530 2497
28 4065 450 8049 1961 6341 4950 4145 893 5951 2188 6367 1929 1452 1517 6350 1169 440 370 9005 3736 4755 2374 2177 3661 2706 6960 9558 6614
26 3636 4662 5903 1614 6073 1794 1414 2435 8904 9056 1630 3488 6291 6147 7758 1848 5733 5034 6641 9379 6239 4105 453 2349 6121 2423
26 2584 8246 4543 16 2555 5783 7488 9477 2470 9006 1692 9970 8144 3303 1458 8355 494 4780 7127 1159 5025 9301 235 7930 7966 6017
28 4182 9243 8297 5112 3268 9263 740 5742 6218 6630 2799 7531 5200 9118 1830 5378 4740 8116 1684 742 2816 2190 8940 6832 9542 2143 2386 6246
28 577 5595 7864 9120 2401 9238 8292 8398 7330 2943 9116 5367 6208 5104 9617 7622 9551 9085 5267 5165 162 1699 3994 1237 7152 9904 2530 4087
30 2717 6885 8961 2874 5675 627 7158 690 3647 4055 8917 6552 1935 6063 1771 4676 8029 7823 2246 2580 6803 3115 963 4039 8554 4479 9687 9829 362 5823
27 9371 2890 8717 2239 5144 6658 4809 9491 6572 2835 5440 8335 2092 7344 4373 4492 6724 1058 4269 8275 7101 640 9759 9947 7470 4037 7527
27 3831 612 7011 1051 3707 9831 8442 1012 4446 8358 4435 5852 9458 4161 4351 2798 3327 4372 5807 7818 614 5657 1470 20 467 3918 8618
29 4891 625 9288 3575 4535 5171 3292 4948 4015 5302 4630 8588 3105 4657 2520 2645 7882 2034 4094 2118 4439 6608 1153 752 2990 6159 5789 6732 2635
27 4768 9584 4279 1600 4628 704 3651 4640 7097 1724 9222 9845 210 5971 1832 3013 755 5655 8208 3597 6089 2109 8803 2828 7965 2809 9932
31 1566 9145 3181 1779 5826 3283 5435 3513 3544 9203 6263 5480 2685 5438 3132 3684 2757 6807 4654 6054 3178 8280 1372 5225 2964 4877 6783 501 4775 9296 3399
29 8078 839 854 1175 1430 7299 5163 5176 9254 8511 8623 1915 2465 1873 1063 5546 2111 7292 244 4846 1528 4563 7892 8836 4927 5386 103 2215 5453
29 1717 5967 8400 3442 4817 4231 36 6584 6185 5584 2610 403 3199 895 8990 4027 6962 3329 9337 3365 3206 9879 8045 8736 5586 7772 1522 2623 6440
28 9191 3452 330 9219 5308 9241 147 6393 6550 1971 7036 310 4423 8675 5842 449 4893 5272 2592 4778 668 1827 661 7717 5549 7729 8132 5644
27 7653 8432 3333 2755 4152 1760 4221 5772 5502 2286 3402 798 239 8842 7146 8908 9209 595 8827 6571 129 4537 8308 4020 390 7362 3876
29 4611 90 1021 2228 7323 7721 489 8958 8920 8641 2243 5329 2539 6386 8334 5820 9355 2697 9509 6394 2676 9938 3002 2732 9934 7951 6371 3857 6804
27 3922 2803 2524 2940 8820 3731 7878 8793 8700 5142 2867 3982 7701 643 1664 6861 4453 6307 8580 2934 8632 9572 2718 2616 3580 9802 2922
28 8858 9538 3471 9459 9751 3118 1750 2433 1767 3784 21 3606 8455 8332 989 5095 1536 955 2070 7350 3012 9114 7659 1017 3015 9828 7123 2659
27 9888 5492 7929 4777 785 1542 8741 4025 2892 2068 8976 2818 8066 2010 5956 5958 1213 6775 8403 9102 7266 9623 7972 1800 624 4345 9914
31 5254 2600 8504 7695 6117 8193 4983 1996 2674 5757 1555 9363 5501 4515 2720 2743 2171 4883 8707 9624 9749 5099 9373 5710 7301 7619 2812 6002 4237 7854 8194
27 8141 1539 9104 6046 3746 8237 6262 1342 5862 2009 560 2946 1126 8761 9252 4727 7932 2660 490 4899 1722 5824 6751 5536 1079 6656 1766
28 8786 6062 2693 1558 6876 971 3556 7483 4736 6188 5533 4906 6486 4045 6439 1927 5493 7628 5103 8767 3933 9610 2072 4450 7544 8376 9580 9404
30 586 7337 1805 3044 6237 9708 9504 4452 1549 5074 5222 2763 5699 1280 7588 693 2753 3359 6939 9896 4649 1078 11 9881 2257 7738 2441 3422 1868 1785
30 7576 8903 6961 3763 6113 6868 8924 9406 1167 7629 5474 4281 1214 1144 412 58 9935 7196 9674 6678 7646 8059 3725 4210 2065 9788 4841 2031 655 75
28 8424 1691 6699 9621 1659 221 9955 2774 3018 7784 2030 2052 3290 8666 5606 9876 7514 5464 5931 5194 727 8382 942 4255 415 1655 4256 7774
30 7883 3656 3903 5258 8884 7974 6267 9795 7078 1248 9420 521 2825 3095 5664 8109 2369 5662 9471 4787 5047 3564 3523 8202 8243 2104 5870 1801 8879 7652
30 8220 7216 2442 5237 4386 4250 606 250 1657 9327 5023 3277 1163 2316 7112 700 8373 2200 4202 1101 3969 5995 3712 1527 7713 860 3816 5897 2678 6014
27 1574 551 4803 5244 5313 9494 4350 6547 1032 70 1988 5451 628 4855 6438 4693 3253 6839 4982 9603 5341 9766 9579 9398 3468 5284 9418
29 3590 7115 6231 8261 8697 220 1804 8036 1671 5964 3490 1796 2413 3096 6594 9683 5393 5927 165 7255 1979 4613 8685 6833 5950 4592 8412 1099 5211
31 2265 8073 1909 8950 2352 9549 8050 5506 8518 6276 4792 4665 7000 8691 8020 3801 6624 1383 8226 1240 7133 97 4211 3538 9602 6260 7100 3522 3540 8479 6207
25 3511 9951 3811 593 7719 5587 9675 2947 6171 2935 7877 877 9359 9483 2432 2899 5636 2172 8101 5932 149 6415 5609 3769 8392
28 8946 7984 7251 429 2966 4278 7359 8581 4174 7484 4582 9300 6684 305 1598 4610 2307 1006 3000 3497 9514 2491 2498 3734 2291 3038 3531 3117
29 719 1387 5865 6509 9115 4252 8239 9848 6015 8862 6999 2314 4218 947 8732 5394 8702 8973 5697 6259 2377 1318 4369 8979 65 9444 2719 1666 7590
29 4466 9868 7329 4480 7436 4076 3520 3156 8150 648 8907 3705 2939 4072 7630 5755 5385 8429 7095 1077 9210 4912 4362 6659 7094 990 5698 7270 9700
26 9180 626 5511 2756 3009 7842 3001 74 9317 718 2826 916 4546 2970 6106 7248 5419 5986 1273 7085 2199 3084 1786 4820 4674 98
30 1999 23 2554 5965 9408 294 8108 6727 8423 4931 203 6672 741 7340 2811 5581 5443 407 8319 2700 4670 7 4024 2437 2926 7125 641 3226 8387 4605
27 9014 1893 6265 5553 2195 5423 2058 6361 194 9178 9035 8931 9464 2893 254 3740 8313 1624 5893 5250 1669 4531 196 4224 8514 212 6172
26 2209 4794 6475 4976 7087 5396 6559 9658 6138 4988 228 8482 5379 5746 5484 3293 5043 7956 5203 6101 2796 5864 396 9071 8819 9958
31 1579 9887 5334 5476 2396 1448 4304 6105 7338 8874 4929 8677 8505 3127 7321 3461 6451 1050 1973 5799 1043 7507 4220 139 9972 8690 5402 3779 7801 4235 7207
32 3016 3153 7475 5997 2048 309 1076 8609 8264 8528 7671 3313 1622 4212 189 4829 9232 6786 2364 3325 6083 2665 151 9176 6799 5660 8343 3601 1446 6320 6598 5604
29 5832 5233 3681 3201 9967 6016 7412 7296 3430 974 1526 7076 4100 2900 7308 7948 6048 2110 840 9237 7547 5363 5011 4733 2095 2709 3958 2936 4131
27 7426 7096 4660 4311 3412 8834 2738 2542 2552 2522 1166 4892 4090 3061 4902 2043 3790 8997 3395 9834 3673 372 1281 192 4954 950 5320
28 6507 2586 6770 4169 6407 357 9302 956 177 7835 8668 7935 8448 1056 8436 8135 1887 507 7943 1400 959 6903 6661 1337 2731 5471 7322 3642
29 3709 3496 3316 5461 5896 7572 9898 8322 3532 5068 7122 1524 683 1308 7075 7378 5040 1013 7425 6863 3282 8863 8451 3706 2510 2189 8402 6164 5454
28 5014 2202 6635 421 4192 9229 6446 9457 4432 8391 1799 4430 6143 3063 8942 5790 1645 905 4853 7627 9013 18 8203 7280 3057 1255 3159 4300
31 820 7851 474 6729 7698 273 8693 1994 9565 793 2061 9973 2100 6238 1934 4180 3894 278 6653 324 3088 6682 9199 4939 160 8706 4746 5813 5285 9841 3767
28 4078 7720 2604 7552 4050 4005 4942 6128 4134 1679 7450 686 9280 568 5652 3890 478 9473 3342 7444 1687 3154 2778 1474 5747 2119 6142 1363
32 1826 2996 554 3383 6925 3623 2519 3033 975 9240 2175 4334 5413 7377 1244 3807 5346 3343 6758 2173 631 4206 5892 9146 6579 2340 7644 7617 8953 9438 6390 9192
33 327 3827 9075 7636 7481 3291 1740 590 9533 5425 1419 1206 781 4294 3941 7102 14 7889 6946 5841 6789 3217 6034 7391 8951 8789 7048 2667 4840 3421 4257 7066 6806
29 3766 9443 9460 7689 5116 9428 1300 2331 9554 8040 7536 545 2495 406 914 5214 8599 4541 2271 3445 6095 3864 8127 9637 3614 9642 6029 6969 8465
30 78 7487 915 9522 5349 1178 3238 4627 8564 8620 2983 5028 5192 2913 7072 6272 6692 3897 9630 3928 3473 6132 6855 5709 7440 8567 378 1350 2155 3595
28 6950 1424 2205 2573 462 4165 2710 9395 4938 4241 1329 5332 6182 6450 8223 4955 4493 9266 9239 945 7954 4121 374 2866 8272 7997 2267 6091
29 4141 9366 1037 3172 3671 2106 8679 4385 6163 2183 3743 7188 55 7118 9261 1667 4335 52 9534 9783 7571 5753 1731 1580 5711 8959 4708 9255 6202
27 3123 3772 7394 817 837 6304 2745 9954 5384 1688 2647 4215 1401 9716 8498 1225 4299 6964 1335 9574 3572 7714 4407 2567 9113 6650 2388
31 6975 6340 3704 3972 8052 3177 9462 792 6286 5168 3340 790 7195 1618 4919 6457 7167 3067 3799 762 4860 6685 5623 6047 5243 4979 2559 2523 6266 5361 124
27 654 9336 1590 1421 238 851 8389 5935 3908 7727 1002 1034 4601 7114 4177 8175 6104 8866 608 8457 1475 9318 7666 859 3710 4890 6055
28 4974 7395 8890 5940 1283 8790 2679 409 1207 5578 1709 6763 5600 6006 2741 2653 180 9597 9028 7827 8622 6478 6818 3760 7900 8771 3334 722
29 9925 8850 8906 2147 2346 7751 4874 2274 4691 9368 7771 907 9135 3828 7088 8610 5541 6326 6476 807 4208 1859 9950 4959 5231 6184 1851 3554 3883
31 7674 8980 1595 2365 3322 6563 9721 91 5512 4110 5793 4882 1436 8371 9672 4637 4328 5590 7189 3142 4876 9298 1208 6455 2987 2991 9863 1071 870 6942 2107
33 4523 6897 1768 4957 2186 4655 5797 8756 1932 4044 1132 5070 7522 2502 8538 2682 512 1457 4538 6617 8626 7573 8340 8361 897 8902 4584 581 3653 8037 7841 5208 9738
29 3387 1191 5908 3987 9076 9980 343 9439 720 9737 7243 2412 8665 7663 9091 8031 6146 7365 6759 6555 7945 267 8985 3459 638 7789 6264 8753 6198
30 2417 8227 5895 4622 9096 3881 7239 1735 9808 6847 8325 7503 9664 8035 2944 99 6111 4164 444 5060 5778 5929 2210 5776 8520 1393 1464 371 9354 7649
27 7584 1425 6640 1275 8273 1604 2096 2728 3675 2513 2986 1003 6878 153 8283 1117 9528 772 1284 1438 3593 2729 6769 8708 4981 6157 8351
32 5777 5756 3640 9785 3323 4181 7022 6752 2142 4370 313 1708 2124 8722 4603 9060 1783 6621 4191 9706 348 7565 8357 1658 3688 983 4571 2094 7731 4268 2956 4347
30 1641 5984 4870 6936 3954 6000 2801 1917 7111 2001 1423 9771 6914 6183 2998 9279 6483 2508 6521 1763 646 4770 890 6316 7520 6086 9705 4683 8240 7688
31 1048 6319 2855 6493 8083 3266 8046 6779 1322 4575 5012 8894 7939 8855 6253 6338 958 6306 7879 6528 8656 6194 6679 6209 8810 31 6762 2829 5779 6061 2758
30 9189 9826 665 3762 8615 3733 8913 662 4315 2403 1083 7257 9502 8106 6471 5727 3605 9525 3432 2596 5362 2880 5576 6548 5009 7542 47 2532 1990 9861
30 3353 3448 6557 523 3579 3324 432 1795 2840 2637 8463 1882 230 8258 2948 6352 5720 6706 3599 2327 8984 2827 7535 2575 4155 1716 5805 9003 283 2368
25 6423 5097 7439 9039 5868 2129 5223 8042 5238 2122 7941 858 5839 8329 733 471 7285 774 6122 712 2285 5173 8416 1697 5561
30 1813 7781 5213 2971 2640 5460 5086 8462 164 3480 1603 6037 2260 4689 1952 1507 1866 5505 6940 9174 7624 9142 2002 1982 9101 6797 1958 7968 9786 2587
32 3423 3775 1186 8625 6102 1016 5 216 1245 3182 4003 5763 715 2643 4425 2657 2220 2527 4700 8720 8113 9000 4772 6774 5819 731 340 5489 3472 9882 6511 1199
30 2038 7678 4980 9787 7020 9384 2752 7679 2391 3803 6750 1307 7387 4835 6749 2845 4230 5643 5614 912 2402 4711 9357 3087 7501 6981 737 427 8290 3071
28 602 6720 6482 1926 1907 3318 7777 2680 465 2909 9247 6814 2121 7712 231 6365 6851 8425 8233 4826 3900 8173 9108 2360 9112 3406 5216 9481
26 6808 3551 1066 9095 171 1131 5784 4190 2280 1861 8801 2004 1853 5565 9295 1336 9641 672 7749 3750 6858 2405 8782 3120 8268 6148
27 175 7175 1285 1442 9629 473 7960 8642 6824 2928 872 5080 1905 3102 5248 5331 6417 8839 4513 401 6467 8323 2398 6573 5970 9768 3116
28 7995 1712 8745 9150 4784 7668 2018 8454 6793 8123 4941 5963 92 7739 9616 7676 3378 9401 6373 1513 1953 6541 1454 7164 4352 1211 7907 5255
28 701 2223 4474 5555 6983 8714 1042 1770 9059 2601 9818 83 123 8015 8871 4109 2564 3824 4653 6035 6071 8326 1686 3547 4699 3901 5988 1434
27 4764 6154 6935 3417 8072 679 4465 1871 8877 546 8350 7001 639 6166 3409 2485 2702 4886 4216 1455 880 692 7332 8164 7852 4585 7555
30 3875 816 9820 5156 8733 2841 4309 5433 4454 5510 5603 7802 9187 8345 1046 4851 6607 2181 4305 9195 8570 6642 3676 1061 5615 5459 3355 6271 2901 835
29 1572 4303 5966 2472 8277 7952 6112 3745 4831 6329 7407 7039 6098 1847 5972 1713 6384 4557 1732 3248 3029 4445 5558 9065 3214 6447 4422 8932 419
28 3440 42 3701 3951 2013 1588 8257 8285 2232 8441 4652 9110 5083 9906 1321 8807 1819 3650 3046 1803 827 2438 1497 8770 5882 5948 5635 5007
28 9601 1808 3765 5462 9128 684 4673 9880 7660 1519 9526 54 8552 7312 965 6134 4843 2839 6020 3999 7254 298 754 652 1601 5374 9410 6576
28 9282 6461 4650 5109 5713 6292 6427 7356 1354 5769 2373 1069 8956 8185 7363 4815 8336 248 6957 7716 1381 7389 3163 9025 5809 3024 2957 7417
29 4119 8544 8205 2512 9735 7482 3346 4298 2794 9451 2457 5036 6085 8255 9299 7515 6768 6045 2208 4668 9744 1912 464 3588 6929 4590 4586 7315 1921
29 934 2864 5938 9984 1210 3610 6985 1151 3420 7693 6233 9482 1920 3923 6544 7725 5479 2425 3885 72 6383 5089 5785 3438 9170 2505 9164 2016 8450
29 746 6497 9743 8513 9884 404 4286 4887 6299 3489 6535 9260 7672 9466 5691 7702 7656 9011 5154 6110 5458 1026 8998 4624 3426 9633 6667 3697 7747
32 7782 7080 8232 862 8678 3099 1554 1441 9585 7240 6331 2654 9917 4823 133 664 7171 8168 9893 1910 7710 4203 8557 3133 695 197 6828 6503 1105 6737 7978 4977
26 1965 698 8977 4 4144 6125 7117 8812 7745 3608 4401 9158 9367 4139 5187 4010 2112 9656 118 6583 3493 2448 5845 7178 233 2451
25 2851 4494 2795 1407 4966 2358 8006 3281 1149 1883 8215 7059 600 6741 2326 9513 5692 9511 4781 315 821 4416 205 1327 7063
30 9111 6980 2954 1818 5910 4408 163 9394 9172 5748 3785 7062 6707 2923 7612 2837 3662 7221 9426 8259 9758 4972 1041 5085 3841 2478 3906 3008 5473 5260
29 2805 6152 8286 7894 3410 1276 4486 6309 8876 2689 886 997 5834 225 9207 7265 7681 2216 3371 3428 1090 469 6848 8818 3800 5907 8024 7568 2994
27 526 6096 4796 8919 4529 8701 6551 4621 4017 8238 7950 7443 198 1530 2315 7834 3085 268 5087 8600 6080 8811 3208 9001 3970 977 2894
30 6042 187 1204 9913 1816 2469 9752 7361 3871 7046 6364 4293 2878 4098 3896 2193 4129 6905 1623 8300 829 201 269 3577 2896 8779 426 1916 3555 6261
26 5046 9589 4503 2252 4227 6049 4377 1797 1089 9910 9750 777 4598 6175 1488 64 8269 7634 3924 1514 9004 5342 8110 9991 2968 7502
28 13 8440 7358 896 5005 9489 5079 8263 9949 4726 4127 8821 6174 585 7385 6302 3184 3773 7067 3658 8408 2545 5538 1361 2915 6498 4871 9577
27 8551 4166 702 5298 8765 9961 7369 22 4500 1290 8191 8337 3585 4199 3137 9419 5554 7083 2750 7303 5437 9620 79 253 937 518 7134
27 152 8339 5134 2930 1229 9975 3678 3835 9857 2148 7740 8901 5577 6180 9671 1955 5078 6468 7182 2529 4150 1815 2537 9422 7004 4771 6599
27 9155 4568 4896 8074 3332 6816 209 6523 3791 822 5137 3449 1774 9712 4549 1828 4836 2344 5335 2361 4569 2566 2294 7477 439 1875 4418
30 9049 4574 5952 6474 4560 2701 4975 6764 5071 392 8245 3817 8604 71 4986 1552 3370 5239 9998 6087 5094 9775 293 823 7119 7386 6673 637 126 4275
27 962 9136 8134 2003 7416 2236 6710 8365 8506 4264 2735 2897 4081 7859 7700 1351 1741 4719 7780 4536 6254 735 2962 940 3101 3106 6216
30 5062 726 4996 2169 629 5125 3984 3887 6268 3228 1723 3147 6951 7058 7053 8529 8133 2026 3973 4464 7497 8411 195 8535 4666 6052 7002 6332 1791 5723
31 8097 5837 4057 8481 2769 5585 443 3703 883 4048 261 7268 4243 9372 5219 8137 2872 4623 2299 1338 9512 7420 7665 8169 2376 1518 9563 8776 6496 6133 2854
27 3155 5455 9360 5564 3682 5082 5744 4387 4193 5687 4497 9127 609 729 1052 5076 6649 7064 4405 2543 7594 8838 2250 1396 587 9555 8629
29 1587 9248 68 2933 5207 7367 5436 6616 1174 5802 6715 6069 6648 237 3390 1968 3674 5741 8900 1884 5745 8342 9905 4360 6308 8501 4897 6173 2734
29 6424 3632 328 3921 2141 6912 1055 3103 1485 3130 4888 5983 8437 7247 125 9996 367 3837 8804 3414 562 1324 3469 6911 8032 6532 1607 8715 9478
29 1386 6597 271 2599 2430 8266 5201 8897 3780 6162 431 4140 6454 3284 2056 7844 318 5642 17 2941 1729 8664 5814 3578 6040 2422 2329 2099 5666
26 1753 6200 8586 540 1462 5857 9939 2281 3565 6586 4952 9068 6772 8490 2979 4059 8186 3252 7874 1072 5316 7306 7289 516 4832 1508
27 4322 5939 7611 9956 6313 9719 7016 745 9725 3167 1431 6590 6025 9844 2204 2251 6492 2929 7262 3751 410 4176 9181 4631 5787 7764 3188
30 5057 2351 2649 2876 2965 9777 8381 435 689 4289 2028 4591 8611 4985 2981 2475 4438 7143 7283 2898 6107 6886 9259 8742 6335 8515 891 9358 7921 3048
31 4071 5535 9635 5128 3992 7430 8970 1998 3604 5843 7328 7267 510 863 1409 9424 903 1195 7476 3714 7786 6116 50 4326 9291 7517 6901 8585 7537 6730 3160
24 8315 8143 1862 3150 721 3242 5010 4004 8466 7706 2033 9389 1137 8975 1073 875 4233 6913 3613 5016 8935 4827 2594 7577
29 1769 9740 5245 2916 2614 3716 9356 9461 2207 2955 6856 3631 6882 143 1358 96 8960 7217 6853 1426 3097 3980 5184 4366 616 2345 953 869 7456
30 558 2332 9891 3844 215 9242 2673 7840 9851 4272 4856 1908 564 8938 6375 4148 9292 5081 355 8303 8021 4859 1086 3510 8994 6495 8236 9349 8631 519
27 2182 6578 3005 2906 1236 6859 499 4758 400 7409 9575 2389 799 6836 9344 9312 5531 5899 3031 272 4234 1586 4907 5196 1486 2431 3021
29 6669 4797 7331 9190 4739 5188 185 8553 6328 5407 7071 5550 3635 6735 7298 6904 8370 1 9922 6193 4253 6477 9377 1995 5344 9916 2786 4747 4576
30 8099 8468 810 1148 1124 1515 2258 2313 1759 4363 1226 3146 8824 3415 6716 6846 9264 6628 2684 8419 5602 867 6840 4319 5629 9710 1967 2487 6810 9600
27 7828 5583 6092 7742 7992 2569 3079 9350 9084 1304 9921 2040 4992 6721 7586 6453 381 6494 5572 7506 1478 1129 3351 3940 7553 966 7260
27 138 9727 5917 4219 5020 3847 6703 5253 9270 8628 4223 4658 2790 7290 3175 4080 4051 3596 5750 1230 9638 2443 5599 8043 8409 282 9204
29 6603 5241 2836 3950 8936 5654 9467 8572 4341 8477 9281 1880 3121 249 2967 270 1456 4054 3852 2742 6834 1782 6289 9253 7970 796 3202 341 1154
28 2993 9791 4238 2042 4926 3347 4858 5170 4562 6256 5647 8857 1172 3695 9381 2278 7591 3408 342 3965 6923 2089 3995 6022 1227 6755 9018 819
28 660 4634 5934 7449 1608 7728 1674 7768 8680 3330 1867 9007 2977 3377 3920 2714 6353 8041 2726 6525 7469 1506 8510 8146 8660 6161 9431 3039
29 2452 5608 6992 4239 7516 9484 4567 6057 5760 7765 8617 3431 3721 6010 9217 1392 1469 4085 8230 3792 1605 7250 3224 7601 9805 2737 287 3913 5634
29 9215 7574 3339 9019 3620 7715 4307 2334 848 6697 6651 9228 954 382 6545 9169 2113 801 4187 5288 8181 9369 6926 8576 8749 5430 5372 5418 7887
30 6392 9696 5195 5310 1985 208 6826 2687 9781 4520 9703 4379 6601 539 7238 938 2341 5422 9162 4429 5143 8014 7197 5359 5985 8244 6823 5877 7559 3060
30 9988 3482 8080 7253 6445 4636 8681 1487 5218 6979 4521 1259 3863 8294 9370 5330 5804 4434 8843 5651 4451 7051 1843 4463 7360 2248 4580 9452 119 8670
30 3256 9957 8565 3560 4710 8421 1854 9380 4889 3212 868 3975 3879 9411 4120 1840 8028 9981 923 6604 8704 9132 1155 607 9022 6325 9148 9748 5042 4625
30 5919 5703 7343 8415 5115 2145 6995 1913 2375 1160 8848 3069 9720 1460 3314 3812 5067 9668 8534 481 5139 8473 7913 8065 5039 8306 9320 145 7194 9307
28 7822 3533 9940 170 1715 9537 4282 1525 550 9376 8330 8815 3136 2973 8787 7212 756 7040 992 944 2764 3627 3586 566 8987 3074 9697 5044
30 7937 7047 7173 6459 4009 5525 3019 9485 252 3176 7651 2590 5442 6082 9448 5075 6540 8759 3574 6877 4056 5853 1844 4154 520 9335 9582 7223 3279 2007
30 9435 4115 6347 417 9933 5598 6464 456 9078 5146 3481 4679 161 7009 1176 5135 6321 2292 2229 2602 9614 2733 4283 6273 9886 6169 8895 8187 2217 4904
30 4960 9058 773 1040 5472 9273 5229 1412 385 674 1370 7209 1754 529 8248 9185 7953 3657 3319 7103 4359 5722 8157 7461 8084 9962 5849 6974 3375 7917
30 1577 3492 9441 6093 5127 7279 6005 5478 964 5274 5975 5133 8253 4873 5162 6060 7012 6644 7236 2133 9875 6270 3017 770 8647 9277 1981 4384 6513 8696
30 7609 9200 9632 6869 5706 9803 4395 1725 3648 4822 5279 9216 1483 1553 8140 7033 999 9469 4596 7314 847 8212 8508 6241 1347 6921 3345 3956 9556 2098
30 6638 7793 8566 1278 4910 1293 393 9943 8914 6160 6860 9090 7334 3435 7809 9931 3073 7438 9465 5038 4837 7372 7198 3591 3542 7342 7413 6988 1928 3386
27 1817 1067 8324 2746 9825 572 7561 7202 8206 2891 3846 1097 6892 4276 8295 3895 1502 9530 6894 1703 7452 2784 5232 3936 2716 7885 2791
30 3236 9447 2069 9352 2578 5051 232 2644 8517 204 9690 9979 5352 4511 7005 6398 3888 5622 9999 4389 761 4928 6662 3070 7857 9524 1762 4380 3872 9982
29 9714 7006 1437 6463 8872 1631 5499 4969 2499 5406 5403 4728 7838 5848 8378 7757 1977 9070 3089 9396 1534 7895 2884 8058 2308 6397 8945 6843 1289
28 445 6671 4808 4006 6677 2609 9892 1064 4785 1852 8562 8591 3849 8915 9453 1382 2484 9487 347 1388 9306 9508 8555 6654 7261 6094 8470 4659
28 7633 3104 656 2244 2350 6278 2218 8176 3297 6978 5434 7743 301 3686 922 604 3886 7881 3276 2362 3935 9086 898 1633 892 1975 8941 7215
31 7148 1925 3937 8356 6889 879 9147 513 3195 5838 8309 7472 7068 3174 4599 2617 7184 418 9140 5357 5708 7826 2688 7451 7445 7128 6408 7810 769 824 4014
27 7324 8207 8875 2535 4314 2782 5457 8182 7876 452 5811 5108 4160 7233 5758 5205 6827 7640 9234 2461 6986 8192 2844 9030 7371 2804 5921
28 3145 1247 6890 9224 779 6421 2429 8791 6874 9499 5297 3058 7830 7532 522 2869 388 1156 3261 9644 6568 9550 8965 9865 9894 6435 4111 6405
30 6197 3581 6214 276 422 8204 4553 9184 7748 8486 9375 3315 1742 9233 6414 3525 5485 7181 8947 9269 5607 8126 2197 2214 3859 4532 9463 4502 5562 6933
28 2672 4447 5889 9227 3867 2343 5671 1004 5639 7931 5189 3194 4295 7288 2534 6072 4934 583 8291 7963 2127 4675 8635 4783 4646 5685 6404 7540
30 8849 7418 6600 7384 1080 15 7110 6615 3215 5314 8943 5347 2877 782 8254 274 6403 2128 4861 3052 8064 4427 5319 5305 4721 4228 4437 3589 7655 6632
31 4804 9213 4951 1860 7798 6504 4030 319 1302 2161 4997 6287 2184 3622 4862 998 2130 7353 2270 5246 2449 6019 1107 1031 2427 344 5559 8891 8360 8314 2103
29 207 6781 275 7569 4769 9129 3036 7065 4083 1676 8260 642 6206 3502 5152 6502 214 5026 7999 9345 3549 6346 9684 2392 5158 8081 8792 6680 1993
30 1141 5030 1125 61 5483 1123 6500 7866 7981 1609 5530 6354 9618 5306 4288 2372 5539 226 8491 4301 3809 9649 2619 6702 1951 749 2848 2481 4419 6906
29 993 3929 7496 2715 6275 5705 8569 6215 2832 6708 1256 7753 9051 1701 7962 1094 1122 9427 3193 8304 1733 9319 9479 7498 7602 251 3197 1106 3952
29 5465 94 3460 1772 2664 813 4692 6553 9885 2509 8008 258 8686 1029 6742 3639 4070 1903 463 1510 4029 3521 6602 857 5261 8061 7839 9838 5193
31 4616 6001 3119 4068 3914 952 6794 9407 3587 2961 6711 1435 6997 5259 2500 623 1876 633 2740 8321 5150 7168 2515 1200 7905 7287 6916 6203 8105 2456 8385
26 2636 5041 5815 5333 2101 7061 3299 468 7815 7213 3834 3778 2730 4669 635 4645 3754 8817 3093 4816 2503 4222 517 574 6947 6898
30 8995 7643 7297 2785 2777 6790 7957 675 7880 9870 9842 4028 1319 1650 1642 866 9570 4149 4534 7093 1757 1234 8923 3977 1811 4459 9476 9423 3366 3570
29 7914 7855 7494 1924 5751 9790 2775 308 420 8603 4153 4456 7150 3393 5426 9794 4406 5672 8056 4731 7293 8079 828 485 730 9293 9650 1235 8725
26 9340 4236 7648 1429 289 320 6817 9149 472 8047 8659 5118 2428 6837 2972 9156 3916 6165 7092 8427 7897 8777 7106 5054 5991 4172
27 9742 7946 6765 4034 5102 2920 1784 8076 9289 4292 3286 2370 4410 4226 6432 222 7570 5463 5630 7548 242 8388 7618 1316 4552 2810 531
28 8407 9117 6155 1024 4677 9165 1340 5878 6567 8013 5420 5405 387 9501 5027 9588 4378 6050 6232 3761 1755 7862 3023 2115 3909 8918 7608 5065
26 601 1364 3051 8841 4123 7870 2748 9338 7610 3986 67 7949 9008 8475 1616 3820 4118 7495 5625 708 7754 818 3988 7246 4962 5674
29 4077 7639 4751 850 2201 7607 9315 8235 5969 1427 3545 8214 4266 709 2817 751 9598 6518 8023 1823 1334 7530 1570 948 5936 5256 5591 2668 3748
26 9872 8568 6857 350 338 8651 8111 743 5355 9760 3298 7560 861 6696 9122 2462 5212 3638 1065 5933 8075 3713 2211 8682 836 7272
27 1109 3209 9942 89 7244 5181 4355 4137 6312 4095 7131 4564 2833 2114 5827 5252 2988 3967 5626 5715 1005 8747 7411 3041 3962 6240 1773
26 666 8183 687 1100 229 4104 9665 1944 5439 6097 1215 2017 1963 1535 193 4103 1246 508 7821 1019 8556 6717 5678 1991 265 9138
30 3877 5973 3312 7985 3898 167 4566 8349 6084 1643 6318 6449 6178 8775 3054 7271 7499 1033 4763 6381 1569 786 4173 5217 8363 7121 8582 7174 1397 7833
27 1938 2152 9304 6620 8910 5693 4356 2525 6675 5397 4774 5249 6829 2342 2060 8773 5498 1084 5858 4744 6592 3257 6887 7521 4680 6269 2681
30 8090 8386 7922 2570 1644 7203 5916 8488 8154 1081 1011 9689 3416 5782 2882 5646 8139 884 2164 2490 4725 3793 8136 4012 7505 6533 3328 5736 2952 5885
28 3815 9157 498 69 9520 5210 5863 927 219 8944 5064 5289 9833 6192 4417 7763 2692 9776 7027 5111 7434 6852 1857 8527 4517 5844 4135 4916
29 5370 3833 5537 9175 4195 5360 3479 484 5401 135 532 7785 2577 3806 5540 9852 398 7510 7398 5469 7193 6801 349 4510 4138 480 9586 9388 9873
32 2378 3720 5149 1746 7638 8130 9754 2024 4069 2136 4799 1545 4818 3563 4376 9414 1936 4471 3672 8999 5631 7684 438 1992 8806 6420 1869 5677 1404 8484 4963 7947
31 4852 2156 1271 4170 6168 8053 1264 3443 7988 3558 8458 1269 3506 8734 6612 4918 5006 4756 505 1584 3539 3466 5283 9333 8010 2694 2927 8846 3652 6217 5486
29 8546 1531 5529 6748 7144 5368 4358 2853 7993 323 8499 3670 5428 7043 4371 920 4656 3043 3728 763 3140 5743 1628 6053 2393 1705 2008 4540 7908
29 5354 5049 6819 3259 1220 2053 7054 4953 2415 2646 3484 1182 9218 3010 6591 8362 9400 7500 6387 2022 4606 9275 8456 4993 3943 7050 9505 1653 2611
28 3265 528 9797 2323 8711 2450 5887 8262 9274 7816 6927 6368 1406 7491 3677 8087 1858 8684 1563 6131 1922 146 9608 5091 1594 3173 2059 7886
27 5955 1556 7982 5612 2914 6027 9055 3821 5900 2629 9704 5290 2014 9796 1894 2256 3004 7635 5920 6297 2317 316 5764 8068 5926 5021 4875
25 9328 1734 7458 8613 7249 6622 4642 7405 7374 2725 6145 394 213 5775 8519 4143 8496 28 3307 1183 6103 6688 8100 5774 7718
29 8644 4259 544 1505 5949 62 6395 2541 200 1193 4062 2050 9309 1188 1636 3301 5199 1941 3433 6333 6067 8748 9819 6293 4381 1385 4461 4866 2518
30 1472 6668 7708 5740 3264 1053 8954 8178 9235 6470 9153 8652 636 8352 838 3211 2658 9046 7079 9316 657 6401 767 6342 9450 894 2054 4274 5365 8311
28 4049 9037 6970 9612 4573 8957 4273 2613 4413 7190 3825 5488 5024 5015 8348 2949 1918 354 7762 279 7599 9402 2588 2978 4490 2749 2380 8096
27 3562 5324 3643 1152 2144 3667 4734 356 3229 3603 5281 109 6996 4317 8713 2290 2174 6505 4225 7274 7687 5234 8522 2105 451 2582 9670
30 4473 4949 4122 5377 9454 6554 9864 106 4031 7709 9815 334 6719 673 3514 1439 3869 8119 1656 4499 9125 3966 765 7465 6569 3998 621 5667 6524 3504
30 3611 6931 5136 3385 3064 9515 9391 9599 1433 9220 4040 3553 7056 1621 1171 2387 8310 4752 8331 9746 7814 6536 9399 2856 3424 2618 2514 7631 845 2288
30 8724 9992 7309 8530 8992 4313 6359 841 5700 8055 7925 6954 5689 4925 245 802 6376 6850 1780 1625 9801 5321 1362 5922 459 5702 7192 24 2620 411
28 9284 8366 5069 3126 2168 5058 5580 141 5277 1233 2857 5411 4578 7310 1567 3068 3056 6788 488 757 9036 9523 1626 240 2999 4354 6865 2440
30 3363 3860 8657 8797 7579 706 5126 7598 9853 1317 7305 8413 2463 831 7018 8867 3231 2488 8138 6870 458 6196 3626 4267 9924 1333 6008 3957 4184 5266
29 570 6056 2713 9166 2 5400 5726 4302 7441 2194 2039 5322 4290 3246 2551 8148 131 6009 1654 9567 8198 9026 5172 5381 978 6920 2907 4923 1864
28 671 2550 9568 5516 5448 53 150 8000 5822 1668 8296 8861 8390 5947 86 5567 6739 3372 9171 7057 506 8433 8606 8695 9778 5507 3829 8909
28 9321 2849 3628 1491 4442 2036 5683 80 6230 3166 9012 292 2019 5504 8926 6323 7585 7961 6140 7940 2356 5300 1877 8247 1288 6626 6647 5987
29 4661 7539 3899 7969 1758 4933 6007 1541 943 4527 8318 4440 3124 2404 7696 6426 9823 7994 6967 3475 3509 4342 3066 2269 6377 3161 3381 1954 3143
27 4760 2607 4765 1700 1465 5522 4828 2021 7680 5119 9087 5018 7589 805 2464 2187 830 5957 7357 9009 8030 9680 4108 9353 9535 5002 7021
27 8057 2150 7186 598 5829 7286 4597 8256 2843 5749 7767 8813 1262 3003 8095 8276 7733 3615 4159 4022 6355 2302 5515 9912 4998 6663 6787
31 8346 2863 8896 8870 5113 2736 1380 5542 8320 6212 4247 5429 1228 76 8115 5833 2739 4477 9297 5688 6343 8054 7825 8785 6066 7139 3946 3451 6235 2296 4329
29 5500 9581 4392 502 2479 3411 6618 9622 5496 576 6705 5291 1044 3382 9902 1416 775 3891 7023 8869 7797 7137 5872 8648 4984 4702 2041 9188 6625
28 5262 6796 8120 2353 3267 2770 380 1028 5121 9529 7554 9365 9763 7779 2568 7813 6527 3976 9578 9206 5019 808 9978 7791 6311 7934 8114 582
29 8709 9351 8406 5545 9416 1855 5901 2908 1253 8728 391 9993 8605 3771 5093 9390 2206 5013 8155 1619 8825 6290 5140 9667 1937 4698 2969 4685 1177
28 5552 27 5886 2304 3696 589 8201 7675 4348 6296 5055 8147 9862 5766 5874 5220 3512 8414 1265 8800 4142 2621 9205 5521 547 8916 9995 470
31 4753 9822 9718 5197 191 3462 60 3536 6566 7393 789 5366 4533 2397 9278 7104 4277 2226 834 599 8674 4491 9843 2579 3699 4705 6577 5937 5928 2879 7245
30 9594 4766 3476 6973 2633 6280 3741 6419 6300 1118 9500 1889 5000 4547 3730 57 2125 2108 9262 4498 260 7920 2284 1878 6761 8559 9765 8270 5410 7796
29 6791 7871 4217 4716 5867 1222 8645 5235 3144 332 8089 4869 5974 8038 1461 758 8461 3162 19 7226 3561 2421 1900 7583 9713 2712 3985 5915 5638
27 6845 2698 9131 7744 8766 2167 2771 1836 1980 6918 9677 567 7973 1068 3250 8614 6760 7632 246 3964 2196 7224 5408 181 556 2075 7911
29 7662 9053 3832 1339 6003 6516 2873 4795 3326 8828 9798 6472 4431 7423 1303 5450 7692 5737 2945 6443 9946 1332 2240 7339 5571 6660 1015 8640 3870
29 5524 188 2263 2767 4175 3091 2238 1127 925 5856 4921 1589 5497 3568 4312 8129 5174 5098 7732 776 7904 4000 6593 6222 7858 852 578 1665 6627
28 4469 7222 8592 1675 3405 6753 6221 6369 9267 1039 4857 6862 4316 5854 6873 6968 7912 6249 9676 9230 2277 5328 1297 4320 6637 8978 7471 647
31 5160 8523 336 3781 3396 3680 9121 3439 1730 9231 59 5327 5847 1467 2615 48 7126 2889 1906 7428 9730 853 155 1529 8179 6713 9285 2088 3467 8216 1911
30 7427 3425 7606 2418 2963 8751 4082 1592 9107 3802 2722 6989 7108 9739 9334 4332 2821 2419 9647 8444 5754 6081 3221 9503 6838 3354 4872 5960 4965 6065
29 9194 8434 6871 3612 979 610 5670 7592 8316 5490 1309 9871 5890 345 6399 2077 8288 3552 5495 3945 9088 1384 7657 9539 9032 4412 7435 6149 9837
27 395 3171 2482 6150 3380 2677 2838 7489 9186 565 7761 8859 8536 7682 3753 7836 303 8107 6247 8930 6391 5180 2434 7807 617 2444 7899
31 6021 3128 8118 5456 3851 1639 8873 2937 620 8213 8284 9855 1147 1829 4368 4845 4106 5399 1286 5179 6700 5656 423 5792 7486 6943 9099 3148 4714 8395 969
31 2652 4805 6778 4717 4186 4084 768 6676 7278 1610 2083 6893 4914 1933 5840 2759 9547 9214 4470 9726 1075 6118 4968 4651 8929 3141 9134 5032 6442 5551 7690
28 9211 5336 4481 3735 8471 6242 3573 7227 2624 1360 7352 6976 855 376 9609 6226 7206 5389 8868 2641 7140 9167 455 41 677 8151 6179 7010
30 9054 6610 7219 9123 3275 3722 5353 6854 8638 7401 2760 9497 3251 1249 2300 2245 6058 976 6349 3691 8853 5286 4664 4688 4619 2400 3826 7399 9510 4506
26 3384 4632 9042 5968 4393 6411 3830 5821 413 4168 6849 6780 6406 4448 5373 3535 2333 2639 8397 2471 6917 4741 8637 575 6564 2661
27 8595 5388 7183 9130 9772 6255 4722 184 5911 4559 6574 5292 3456 4943 4839 3571 2754 6043 2628 5684 9722 9813 5294 3796 6776 8265 333
28 1187 7918 477 5226 8575 2468 7201 3170 2477 6740 7291 4504 3453 8278 157 6220 9119 2806 3007 1296 7669 114 6501 3729 9900 5543 9403 7364
28 8453 5613 9202 8327 5151 6766 7538 6747 4483 3850 4687 6378 3926 2082 1504 7124 2727 2690 483 8703 921 7902 7376 9069 7396 6798 2925 447
28 3968 4878 1751 1835 82 2394 4323 6652 2788 3379 1023 9179 3065 1662 9325 8972 5773 6127 2458 4932 217 2953 1287 7090 4518 9161 4690 2820
27 9488 3516 3210 3258 1822 7625 3114 6274 1602 2055 1168 9092 2852 9 9595 9560 2975 9928 913 1987 7113 9652 5728 2264 7804 3305 3634
29 4398 295 3505 3302 1059 1575 4694 2337 3158 3637 1000 6456 1544 4343 1142 9197 8333 6120 4686 8452 3294 1331 186 7052 8845 3457 7926 277 4964
27 2191 256 4458 4715 7519 4248 8368 7379 7468 5382 7032 7432 2686 8279 5786 6530 7273 7333 5061 2222 7311 5873 9074 6784 9474 7903 496
27 1466 8364 8952 6030 8162 1138 8093 2574 7869 8655 1395 5905 6024 7623 7199 6170 6124 7832 4806 9639 8252 6631 7730 6074 8539 7936 8019
29 9561 8740 5669 7442 1239 9915 8012 3858 3192 9531 3813 6210 6813 6114 2800 6462 6924 3376 759 9965 6645 206 9789 4790 4798 6013 8225 2213 9212
28 9543 4114 1312 4214 6177 4018 2295 630 5390 3683 7473 7282 4612 6945 9552 6998 649 6487 7582 2023 364 29 7998 8542 4291 5780 5029 7641
29 2823 1824 8927 1192 9286 2747 7086 7526 2310 2071 6033 4696 7846 4743 3723 5982 887 8271 5616 9226 8881 7562 7490 8955 7166 8487 1313 8805 1445
27 9440 8971 1140 9817 7383 7185 3486 243 6606 360 4720 5913 1103 9707 1057 4043 9709 6875 4333 3689 3447 1685 3014 3308 3474 1268 6575
29 7613 2330 7335 3866 6922 5610 8968 7316 4229 373 7824 1585 4402 8925 1451 815 5487 4865 1591 8795 4709 1646 9348 441 4287 2834 1550 120 6596
31 6891 1512 5532 4067 291 2768 8500 2410 2303 7415 6357 1158 39 6018 1102 1135 2581 7803 1231 7141 1649 8729 4729 1546 714 1682 9041 2357 5375 3403 9969
28 8698 352 7014 3373 3455 5714 9546 2489 8289 9545 6434 6187 7130 2982 2888 4525 2087 4086 3789 9245 9691 5589 1930 1834 2942 7843 224 2338
28 8579 1896 6402 7890 2212 555 9745 2318 8224 1825 8507 3543 3889 7069 2695 247 9701 9432 7446 6109 2669 9433 113 4337 1939 2895 2134 8033
30 6227 3856 479 6283 2126 2359 7467 4117 7703 4460 9964 8435 5808 5718 3129 2231 6938 6199 6458 5145 5452 1328 5017 1449 4346 7837 7474 6587 9154 2921
29 9858 2086 6294 487 6374 2221 8328 8377 5183 7812 4782 8558 2235 3441 9421 2951 299 2227 9518 3357 2347 296 10 1108 4008 1305 1629 7938 8887
29 6330 6785 8431 9669 3557 6379 3669 6738 3185 8211 3262 7345 4344 9769 1294 6670 7307 4509 4404 3255 46 1463 1274 8302 4905 4995 3840 561 7460
28 9960 476 5914 6910 5680 908 9989 1194 1477 5508 6582 2416 1892 3495 7737 241 2723 8608 3915 346 8449 8852 8823 44 1881 5092 9866 2494
30 5798 5371 159 7581 2140 7769 949 7349 9310 358 9634 2062 115 918 3220 3463 6698 7673 8758 7447 3550 2605 4971 4449 7977 8672 2627 5280 7805 7722
30 3902 688 3361 5881 8282 4391 4730 9183 9660 871 3364 1548 8892 5579 9455 5202 8860 1161 812 4023 148 8301 542 7658 9342 4615 3979 6955 5273 2822
27 1143 9747 6655 9559 7845 795 1344 9437 3100 290 5597 8189 3368 4157 5978 2312 5640 1582 4508 4849 8922 4884 5398 6028 8619 7348 6479
27 6956 8835 4944 6234 5724 5224 1898 1121 2989 4130 5770 8639 1352 5114 6223 2447 4742 9897 5961 351 2046 8002 4947 1369 7697 2565 3082
27 8404 405 736 6410 9963 9909 7028 7317 111 1516 5404 9311 1879 3692 5627 2047 3822 9516 2958 6108 4403 632 1181 12 3349 9724 5876
30 1599 6879 26 6363 4455 8250 35 5303 8541 8493 5592 2153 1371 4132 2984 8124 3470 8210 8396 3263 864 725 3165 6909 5101 7788 9064 4516 4978 9997
29 3233 3190 9692 5653 9699 5855 6718 9856 3335 9619 2538 991 644 832 6484 7044 4814 3805 8156 6949 1008 9468 9364 6248 6709 3274 1891 5717 1651
28 8085 2496 2005 7724 4156 7406 1258 987 3362 6224 2408 710 6228 4280 4838 1789 1845 9016 2035 9305 699 6317 8219 573 6881 1184 9860 2436
25 2766 5528 1014 5668 5574 132 996 4545 7580 3546 4002 9081 559 6611 4570 4812 1252 2180 1202 876 3352 5582 6305 7861 8816
28 1764 8383 7421 9385 7177 8634 2531 1098 7664 5311 6460 4428 3981 5191 492 3418 3602 7373 2081 5888 1232 7220 1576 7508 8305 2807 503 3818
25 8184 4433 5345 1398 1217 6519 9133 8469 4262 1564 2076 1744 7099 7778 335 6288 7479 1356 1663 9631 5686 5527 4762 8774 2630
28 2146 2090 49 460 2051 7667 5619 4478 3429 7045 5175 4021 5894 8886 1353 1173 904 8563 8705 433 5735 2612 1378 3717 6068 8744 8307 3232
26 8267 1359 5898 9592 4126 1373 4116 7163 5514 1557 9072 1972 3034 6100 3047 8757 1743 6896 4558 2117 5575 9082 1428 9723 6639 5517
26 2163 4066 34 1417 9806 3122 8798 9648 5861 4864 8067 2382 1261 5800 4207 7129 9920 1394 5364 4324 5380 105 2385 1027 3080 2234
32 8561 8545 8177 1983 9378 1325 9097 1165 2591 6744 6186 5568 9562 933 7388 1885 234 1047 5287 8016 3788 7504 8209 8888 7512 2063 3649 8165 1010 4353 3444 6441
29 3075 5944 2813 5387 9139 9773 3783 3528 4724 7597 833 3515 5828 2724 32 5477 6714 5617 535 8822 4626 142 4485 8112 6745 8658 9383 7806 2783
29 8607 1348 4088 968 780 2912 5682 6994 4880 4641 1074 9173 6773 6908 9800 2324 9040 1578 9779 4991 7170 9472 6619 5812 2703 8743 1399 2528 8636
28 2830 4246 9695 7191 9640 2279 1009 4745 7105 4204 9654 8769 4382 4011 6743 7159 7210 7563 495 6031 3655 4681 7463 5548 8986 8589 9109 9527
29 5147 548 7529 8438 5999 9590 8991 8737 2266 2233 1020 4990 5417 6701 1856 7853 5731 2445 536 1201 1343 366 4409 856 3196 5918 5513 4097 6491
29 724 8472 9492 2293 6123 7910 8718 980 5523 7670 8153 5791 7025 557 984 7564 5447 8847 8921 4595 1561 3413 8163 6560 4038 4961 9244 2670 9827
30 5673 6425 281 6284 4639 6634 9753 9994 4958 4178 5124 7429 6993 5122 8338 5409 6078 8837 4847 8537 2473 7325 9663 9605 1841 7683 8516 2544 4339 9770
30 4107 5008 4318 3306 1562 6731 8494 5759 6538 1620 3398 569 2656 8512 1223 9877 7155 4321 500 3485 8048 3624 3990 2865 814 486 2776 3758 7153 4901
29 5325 5846 1410 1776 504 1547 6205 685 1007 4201 4375 9490 178 533 4421 3961 5806 6336 5444 9105 2102 5190 6499 3938 5593 5859 4512 1484 1778
30 7901 9446 4338 40 7867 6481 43 9495 4588 8988 3797 1402 7404 4713 2671 3616 183 2309 7848 2650 6605 5004 8428 8739 2638 7154 7156 7008 9918 8799
29 7760 8948 7979 3524 1025 9027 3272 6389 2562 3388 3280 9728 7370 4583 3026 9283 514 538 1190 7041 935 7269 1966 6782 5795 2067 7294 4364 6812
28 377 8654 6151 3698 4249 8293 402 4672 3654 9442 2097 2651 7596 3094 3983 4146 3971 7410 9846 122 8069 8676 2655 3838 3237 1820 3633 5690
27 2381 9850 6864 1422 5520 6822 1521 9936 425 1693 6225 2178 5198 9010 9326 3939 9021 285 1379 9341 9331 4265 6011 5466 1295 6952 6301
29 3198 7511 928 9811 9627 81 3644 5296 3715 9093 4544 1444 9651 6665 5767 6282 1391 1537 4261 7366 1696 3526 3483 9221 7923 7107 951 2561 6422
27 9764 1468 5721 4937 7109 605 3348 6436 3254 5659 2547 2116 1489 6026 1453 5648 1450 4894 1945 9859 3374 2261 6153 8011 6883 6038 3708
28 3288 7787 3519 5566 7485 8526 7513 3037 7304 5509 8347 223 7242 7035 2287 3576 6965 9017 3077 329 3823 3910 1254 9208 9080 3868 8683 8103
28 5801 1196 2459 4476 2138 2918 6295 2917 110 5059 9412 2887 1128 7860 8601 7587 9757 1376 1216 9521 9541 4462 6139 3842 1765 7029 8092 4539
26 6257 6687 5794 653 8663 5022 4394 9990 2176 1749 7811 4825 2632 3401 9564 4310 1806 6558 4308 3726 2597 9686 5275 3138 6088 960
31 929 3235 5209 3659 8540 1890 8937 7800 3904 3777 363 9839 6693 3629 1494 4488 1736 4555 5131 1087 3296 5544 3309 8905 7480 6 7770 6041 3645 7533 2507
29 3240 9498 7694 6382 1241 1681 941 7896 5312 7024 4064 5694 8661 580 5943 9098 4522 8495 2598 8735 6158 5624 6534 2779 2911 5432 9782 1637 5954
31 7205 3534 2399 1863 4629 4867 2154 7915 6944 4388 4396 4898 4019 9057 6728 339 9024 9673 4232 985 1366 7098 154 1902 8474 1112 7281 9987 1473 7422 7756
27 1030 2241 9646 7976 1260 930 134 8251 1219 1680 384 3134 428 3942 5695 7750 325 3737 3732 9493 5221 3478 8533 2170 2123 6561 5227
26 2091 3025 182 4091 1964 4718 8746 2027 3234 3742 1292 9250 4813 3180 5730 6884 7578 9294 5563 4041 9193 442 127 4793 1345 6051
29 1833 3247 9756 3694 7116 7621 2301 8646 4079 9976 5701 7620 3271 7172 6991 7218 3125 8379 8524 7302 7600 8088 3727 5110 9927 1727 5481 7996 4678
28 5383 5206 8547 7232 3186 7464 93 2247 1532 1683 3892 5818 3819 5761 7557 361 2224 1632 6958 9944 658 5518 4850 3157 172 6633 4767 5269
29 7794 8983 6250 9836 9761 738 7944 1888 8993 615 5547 2808 6213 5073 5230 8578 9659 5236 6734 3738 9715 1500 1374 6324 8018 5650 9152 1551 1959
29 2711 7642 7402 144 4046 2085 9678 1282 3854 5105 8593 8131 8967 1948 9824 7431 2283 6977 4704 1523 176 4013 6771 787 2571 8060 1136 9799 2980
30 7179 3878 3149 4607 873 2642 2536 266 6385 2924 9332 3795 3759 4420 3477 982 4125 9596 5989 1291 1970 6937 7736 9657 3135 1957 1263 8353 5392 6613
29 7313 2198 1807 7699 9937 1203 1299 5570 5045 7776 3020 1459 1418 2540 95 4614 9103 8082 7964 7403 3230 1481 9948 5946 509 7726 8062 7775 63
30 6190 691 4671 8166 6258 7161 8549 8865 8577 794 2511 8369 3454 8989 1721 1726 9050 4033 8217 5186 7241 9519 9225 2282 7453 7746 4561 4643 8443 7492
30 482 286 1704 5129 9382 2166 4093 9456 4205 1810 5100 8760 5309 3839 259 5265 7831 1114 6953 1640 6900 5979 8430 4848 4908 1947 8731 8784 8167 694
25 1573 6595 7230 3164 6580 1593 5315 3865 9919 8832 3241 7077 4776 4750 255 9867 3600 2773 7204 732 9878 497 788 3285 9604
28 5645 3179 5077 4917 8234 6485 1238 4589 5343 1349 3434 1960 924 3646 2151 1221 386 588 7208 2997 1940 6372 885 8485 1479 3993 1323 2406
29 7132 4922 457 8778 7986 1969 4903 7872 1895 2595 5781 3055 9809 430 4779 4819 6334 5340 2272 1850 7160 3874 6517 1997 218 9679 1022 2814 3808
31 7256 3183 804 7448 288 2135 5883 7691 8673 3711 6344 7091 9780 1405 4749 844 6448 4970 1581 1565 1164 3843 2875 2824 7074 8117 9774 1739 5851 1298 7759
28 9246 1062 6623 9899 7773 3225 7392 5293 1986 300 9655 7792 8341 713 2708 5242 1652 6736 2932 3223 8716 9020 4196 3959 3083 2249 6279 5679
27 9038 2000 5185 1250 5307 8410 9583 2179 2320 5304 8145 3893 8489 8190 5295 2886 9429 8380 2486 7987 1718 7711 7677 4548 7654 9343 7326
28 8502 1130 5503 3618 1560 2049 2439 5138 1802 1120 3794 7873 8899 2589 2761 1413 981 1088 1224 5980 5605 4285 8467 8633 121 8218 4940 8694
30 1660 7229 4989 6664 3278 7295 1923 1243 3934 5369 5976 8794 5096 7958 5611 9694 1706 1606 6466 1471 3566 1476 728 4242 2336 8174 717 3092 9968 5204
28 8372 1415 7235 8003 9702 8439 5912 760 6971 8723 7847 7645 6646 2903 1070 7888 650 4572 2871 988 1110 4505 1812 3311 1672 9607 6835 4361
28 7735 5588 7030 9236 2506 6348 4703 1368 2322 4885 1872 3548 3356 6429 6757 4258 2593 2321 4016 3768 7034 8962 7354 1266 3668 7424 6480 3042
31 4581 1038 563 1197 6211 703 1440 3905 2707 6690 38 2548 7459 8384 3152 9430 1571 7081 414 3244 3690 6144 9063 5665 2533 1543 2501 6821 1503 4821 5831
26 6982 4701 6928 9268 6657 1198 4251 3912 1082 9593 5661 8446 1146 4213 9047 3960 2625 5431 5676 5141 4296 3687 6704 2371 511 389
31 4801 9151 1111 4397 9506 2037 8445 5416 5166 6902 8840 7462 972 5282 8509 9002 2006 8200 3113 3880 6691 5421 3358 6281 88 1728 9698 8880 368 4707 7368
31 957 9662 4390 7042 3855 3907 6452 2762 2950 530 8783 6795 5601 9793 9249 4930 5962 2549 2631 6400 1931 3337 8612 3200 2079 5337 6506 4197 2850 7049 1134
27 1377 4260 7380 5632 3744 4788 311 5159 4306 168 7355 1695 680 4365 379 3204 2663 424 179 6529 6126 6723 7228 6490 2959 696 8009
29 8039 306 3665 4099 1737 4001 5167 8478 7755 8912 4579 2078 7928 8231 5817 8142 6895 8221 2407 307 104 9313 7073 6076 6356 2904 6830 4915 7414
29 1492 7397 2858 3331 7980 5990 6036 5556 2846 7955 4374 4147 8963 2666 3786 6629 1613 8587 4399 4330 8405 7169 2483 3848 2938 5526 3719 4881 5240
31 4830 1942 4507 9966 5182 682 771 800 6236 7135 1647 584 3685 6176 4128 5299 7200 263 5003 2521 3776 9386 797 3739 4468 3369 1119 3583 3062 5681 2254
30 9814 2847 1060 8851 1499 1597 6767 1689 5177 3086 9067 6252 2262 7509 1482 5752 3400 6802 2910 4911 5164 1814 622 8104 9557 6059 5734 8574 1212 592
29 750 3076 5475 2012 5658 7637 5637 0 6473 1792 3110 911 8752 7346 8621 6930 5056 744 4618 9807 3397 8102 5445 3450 8241 2572 1615 5050 1627
24 9688 2335 1976 7528 899 2242 4194 4647 3407 3360 4074 2348 1511 6963 9929 2696 9926 5339 2553 1714 2203 7089 1559 1185
26 5326 5771 1113 8833 3757 8754 2868 8249 9883 4684 5998 7990 3700 3389 8982 6512 7975 4786 8809 8287 9661 5391 7741 9573 4063 9741
29 8669 3991 3501 9052 7543 7147 515 8727 5850 2289 6515 1104 9089 6948 3011 2560 6418 9830 461 2319 4441 4554 7454 7967 4608 1798 3289 6189 711
30 3756 1831 9591 1670 1520 4400 397 8933 939 4185 3500 4158 6609 4383 5063 1170 8688 3927 4738 3718 4987 6004 5414 2476 8188 2328 806 9615 8548 1793
26 2517 6683 3260 7707 919 8281 9762 4444 51 199 6310 1490 7258 3458 6079 3594 9144 6549 4528 1018 2905 7457 9517 8195 4556 3436
29 8299 7566 8934 4436 678 4183 8532 1821 9126 995 4519 3955 5441 1962 2704 5268 7626 7231 9611 549 4007 8071 8531 1583 7616 6867 3404 7165 697
25 9445 2583 8026 1756 304 9329 4550 437 6277 8573 1919 909 337 9196 9276 6039 5977 2787 8229 1447 37 4367 9347 9100 2480
28 2765 552 9732 8699 9625 5318 3151 926 4900 5904 9908 5803 9736 7893 7558 9077 4609 7783 6285 1157 9840 6489 7551 3930 6012 448 8768 9784
25 5130 7015 1139 9073 7603 3537 8831 888 1839 8689 1493 2842 8426 6433 4113 5810 4706 9693 1357 317 9536 9034 5215 2985 7187
28 8121 3630 3598 3367 2339 7149 3619 3427 4457 4489 7906 4667 5993 9923 3963 9323 6712 6195 6589 3617 6370 5765 8393 2721 4682 3207 9544 3517
27 9890 7318 6543 910 1809 9974 3049 3997 8005 734 8889 5169 9303 8149 9290 6565 8196 8367 9532 5788 7567 4336 3112 7604 4735 6722 6546
27 7545 8447 9470 7351 4697 3949 174 8274 5879 4163 4047 4284 9043 4633 369 8667 9653 705 1116 1432 4620 9201 6907 6327 3664 7850 900
28 4501 9257 3679 9636 3139 6746 33 8649 3320 1092 6510 6129 5072 6075 101 2411 6689 9083 3749 8359 7933 826 5560 262 882 2789 9015 2084
30 2563 3249 553 2305 3953 3391 6966 3205 9324 670 3774 1899 9821 8721 1870 3609 66 6726 2492 3569 6023 9265 3862 2160 8788 2862 7214 5621 8964 5959
30 7382 2297 6888 1036 434 6520 5348 6437 9393 9308 1189 4101 4092 7884 3028 1054 9387 2792 6792 6777 4863 7819 8521 312 7524 2976 3663 8070 1690 2139
27 8394 7031 3919 3 791 4487 4325 9889 3925 8878 8844 6337 8550 7795 1403 9405 2045 2192 2861 4920 7017 5649 3045 5633 7817 1738 5738
27 436 6754 6756 6444 1093 4472 3724 2230 753 1389 6581 6298 9256 3853 4496 2029 5468 5338 579 8738 1311 4593 77 6972 3030 2556 4171
30 2414 1408 3693 667 961 5148 1612 3804 9223 1904 2158 597 5906 8808 2355 986 6345 264 6119 2379 4604 5641 6880 137 8772 1790 1509 8596 2634 9895
28 3782 1330 9079 9816 1787 6990 2744 5084 4577 2931 359 116 603 1498 9177 7909 803 8643 9911 2366 6243 9486 5120 4936 843 5161 4254 2504
28 1568 994 1842 5031 676 2137 8375 5446 8460 1301 6800 4443 9628 1761 2546 6362 4800 3419 2131 8098 2831 5902 2025 7868 6932 1270 5470 493
29 8653 4754 3350 663 1257 5925 4524 2064 8483 2802 3191 7237 6388 8796 2225 645 8420 8199 6469 4198 9682 5992 8160 8802 4271 8830 9971 3529 2772
28 4349 8125 2557 5696 3845 7408 7891 3465 1310 257 3494 1698 5427 1914 8780 2219 4946 8171 5923 7971 6825 1989 1978 8197 9613 2881 2493 1596
27 1788 8172 8730 8969 2526 1267 73 3541 3203 1306 8974 878 7275 865 3269 7276 169 3814 3109 3621 8856 4102 6694 6141 6181 936 4594
29 280 3911 1205 4824 5066 7259 6099 5875 9436 9835 7400 4565 3584 7919 2032 7556 8242 7829 5816 9901 3787 1501 9903 4042 6360 4058 2585 9941 4331
